2021-06-09T06:04:41: [0mGET /?amazonID=INHOUSETEST3 [32m200 [0m8.357 ms - 12813[0m
2021-06-09T06:04:43: [0mGET /stylesheets/confirmation.css [32m200 [0m2.782 ms - 2661[0m
2021-06-09T06:04:43: [0mGET /javascripts/goToExp.js [32m200 [0m0.659 ms - 7476[0m
2021-06-09T06:04:44: [0mGET /assets/UniKonstanz_Logo_Optimum_sRGB.png [32m200 [0m0.744 ms - 35046[0m
2021-06-09T06:04:44: [0mGET /stylesheets/import.css [32m200 [0m0.704 ms - 129[0m
2021-06-09T06:04:44: [0mGET /stylesheets/reset.css [32m200 [0m0.796 ms - 1093[0m
2021-06-09T06:04:44: [0mGET /stylesheets/style.css [32m200 [0m0.669 ms - 4060[0m
2021-06-09T06:04:45: [0mGET /assets/favicon.ico [32m200 [0m1.051 ms - 1150[0m
2021-06-09T06:04:50: Accessed by debug ID: INHOUSETEST3
2021-06-09T06:04:50: [0mGET /?amazonID=INHOUSETEST3 [36m304 [0m2.481 ms - -[0m
2021-06-09T06:04:50: [0mGET /stylesheets/import.css [36m304 [0m1.045 ms - -[0m
2021-06-09T06:04:50: [0mGET /javascripts/goToExp.js [36m304 [0m0.491 ms - -[0m
2021-06-09T06:04:50: [0mGET /stylesheets/reset.css [36m304 [0m0.623 ms - -[0m
2021-06-09T06:04:50: [0mGET /stylesheets/style.css [36m304 [0m1.635 ms - -[0m
2021-06-09T06:04:50: [0mGET /assets/UniKonstanz_Logo_Optimum_sRGB.png [36m304 [0m0.488 ms - -[0m
2021-06-09T06:04:51: [0mGET /stylesheets/confirmation.css [36m304 [0m0.641 ms - -[0m
2021-06-09T07:26:25: [0mGET /questionnaireForDisconnectedSubjects?amazonID=INHOUSETEST3&bonus_for_waiting=1.208956354936454&totalEarningInCent=0&confirmationID=Ju_Abc1vcq1wCYvdAAA0&exp_condition=binary&indivOrGroup=0&completed=browserHidden&latency=-1 [32m200 [0m2.544 ms - 6817[0m
2021-06-09T07:26:25: [0mGET /questionnaireForDisconnectedSubjects?amazonID=INHOUSETEST3&bonus_for_waiting=1.321052802164359&totalEarningInCent=0&confirmationID=u1CL5YHwCrash6WAAAAz&exp_condition=binary&indivOrGroup=0&completed=browserHidden&latency=-1 [32m200 [0m2.006 ms - 6817[0m
2021-06-09T07:26:36: [0mGET /stylesheets/questionnaire.css [32m200 [0m1.396 ms - 995[0m
2021-06-09T07:26:37: [0mGET /stylesheets/import.css [36m304 [0m1.358 ms - -[0m
2021-06-09T07:26:37: [0mGET /javascripts/questionnaireForm.js [32m200 [0m1.453 ms - 7496[0m
2021-06-09T07:26:37: [0mGET /javascripts/questionnaireForm.js [36m304 [0m1.699 ms - -[0m
2021-06-09T07:26:37: [0mGET /stylesheets/questionnaire.css [36m304 [0m1.498 ms - -[0m
2021-06-09T07:26:37: [0mGET /stylesheets/import.css [36m304 [0m1.384 ms - -[0m
2021-06-09T07:26:37: [0mGET /stylesheets/reset.css [36m304 [0m0.474 ms - -[0m
2021-06-09T07:26:37: [0mGET /stylesheets/style.css [36m304 [0m0.446 ms - -[0m
2021-06-09T07:26:37: [0mGET /stylesheets/reset.css [36m304 [0m0.659 ms - -[0m
2021-06-09T07:26:37: [0mGET /stylesheets/style.css [36m304 [0m0.592 ms - -[0m
2021-06-09T07:57:02: Accessed by debug ID: INHOUSETEST3
2021-06-09T07:57:02: [0mGET /?amazonID=INHOUSETEST3 [36m304 [0m1.776 ms - -[0m
2021-06-09T07:57:02: Accessed by debug ID: INHOUSETEST3
2021-06-09T07:57:02: [0mGET /?amazonID=INHOUSETEST3 [36m304 [0m1.269 ms - -[0m
2021-06-09T07:57:02: [0mGET /stylesheets/import.css [36m304 [0m0.464 ms - -[0m
2021-06-09T07:57:02: [0mGET /stylesheets/confirmation.css [36m304 [0m0.384 ms - -[0m
2021-06-09T07:57:02: [0mGET /stylesheets/confirmation.css [36m304 [0m1.079 ms - -[0m
2021-06-09T07:57:02: [0mGET /stylesheets/import.css [36m304 [0m1.030 ms - -[0m
2021-06-09T07:57:02: [0mGET /stylesheets/reset.css [36m304 [0m1.004 ms - -[0m
2021-06-09T07:57:02: [0mGET /stylesheets/style.css [36m304 [0m0.751 ms - -[0m
2021-06-09T07:57:02: [0mGET /javascripts/goToExp.js [36m304 [0m0.580 ms - -[0m
2021-06-09T07:57:02: [0mGET /stylesheets/reset.css [36m304 [0m1.238 ms - -[0m
2021-06-09T07:57:02: [0mGET /stylesheets/style.css [36m304 [0m0.473 ms - -[0m
2021-06-09T07:57:02: [0mGET /assets/UniKonstanz_Logo_Optimum_sRGB.png [36m304 [0m0.857 ms - -[0m
2021-06-09T07:57:02: [0mGET /javascripts/goToExp.js [36m304 [0m0.733 ms - -[0m
2021-06-09T07:57:02: [0mGET /assets/UniKonstanz_Logo_Optimum_sRGB.png [36m304 [0m0.411 ms - -[0m
2021-06-09T07:57:53: Accessed by debug ID: INHOUSETEST3
2021-06-09T07:57:53: [0mGET /?amazonID=INHOUSETEST3 [36m304 [0m1.591 ms - -[0m
2021-06-09T07:57:53: [0mGET /stylesheets/import.css [36m304 [0m0.629 ms - -[0m
2021-06-09T07:57:53: [0mGET /stylesheets/confirmation.css [36m304 [0m0.662 ms - -[0m
2021-06-09T07:57:54: [0mGET /javascripts/goToExp.js [36m304 [0m0.478 ms - -[0m
2021-06-09T07:57:54: [0mGET /stylesheets/reset.css [36m304 [0m1.153 ms - -[0m
2021-06-09T07:57:55: [0mGET /assets/UniKonstanz_Logo_Optimum_sRGB.png [36m304 [0m0.750 ms - -[0m
2021-06-09T07:57:58: [0mGET /stylesheets/style.css [36m304 [0m0.646 ms - -[0m
2021-06-09T07:57:59: Accessed by debug ID: INHOUSETEST3
2021-06-09T07:57:59: [0mGET /?amazonID=INHOUSETEST3 [36m304 [0m1.844 ms - -[0m
2021-06-09T07:57:59: [0mGET /stylesheets/import.css [36m304 [0m0.403 ms - -[0m
2021-06-09T07:57:59: [0mGET /stylesheets/reset.css [36m304 [0m0.506 ms - -[0m
2021-06-09T07:57:59: [0mGET /javascripts/goToExp.js [36m304 [0m1.041 ms - -[0m
2021-06-09T07:57:59: [0mGET /stylesheets/style.css [36m304 [0m0.861 ms - -[0m
2021-06-09T07:57:59: [0mGET /assets/UniKonstanz_Logo_Optimum_sRGB.png [36m304 [0m0.420 ms - -[0m
2021-06-09T07:58:01: [0mGET /stylesheets/confirmation.css [36m304 [0m0.554 ms - -[0m
2021-06-09T08:03:52: questionnaire.js : INHOUSETEST3420xtE-MtNZDAbbKjxVAAAGbinary1
2021-06-09T08:03:52: [0mPOST /questionnaire [32m200 [0m11.077 ms - 6781[0m
2021-06-09T08:03:52: questionnaire.js : INHOUSETEST3520Jtj4KHA0WUKUdRPuAAAHbinary1
2021-06-09T08:03:52: [0mPOST /questionnaire [32m200 [0m1.598 ms - 6781[0m
2021-06-09T08:03:52: [0mGET /stylesheets/import.css [36m304 [0m0.609 ms - -[0m
2021-06-09T08:03:52: [0mGET /stylesheets/questionnaire.css [36m304 [0m0.513 ms - -[0m
2021-06-09T08:03:52: [0mGET /javascripts/questionnaireForm.js [32m200 [0m0.764 ms - 7554[0m
2021-06-09T08:03:52: [0mGET /stylesheets/import.css [36m304 [0m1.652 ms - -[0m
2021-06-09T08:03:52: [0mGET /stylesheets/reset.css [36m304 [0m0.812 ms - -[0m
2021-06-09T08:03:52: [0mGET /stylesheets/questionnaire.css [36m304 [0m0.503 ms - -[0m
2021-06-09T08:03:52: [0mGET /stylesheets/reset.css [36m304 [0m0.954 ms - -[0m
2021-06-09T08:03:52: [0mGET /stylesheets/style.css [36m304 [0m0.822 ms - -[0m
2021-06-09T08:03:52: [0mGET /javascripts/questionnaireForm.js [36m304 [0m0.591 ms - -[0m
2021-06-09T08:03:52: [0mGET /stylesheets/style.css [36m304 [0m0.426 ms - -[0m
2021-06-09T08:07:49: [0mGET /questionnaire [32m200 [0m1.429 ms - 980[0m
2021-06-09T08:07:50: [0mGET /stylesheets/import.css [36m304 [0m0.563 ms - -[0m
2021-06-09T08:07:50: [0mGET /stylesheets/reset.css [36m304 [0m0.625 ms - -[0m
2021-06-09T08:07:51: [0mGET /stylesheets/style.css [36m304 [0m0.553 ms - -[0m
2021-06-09T08:07:51: [0mGET /javascripts/jquery.min.js [32m200 [0m0.718 ms - 86927[0m
2021-06-09T08:07:51: [0mGET /favicon.ico [33m404 [0m1.919 ms - 1204[0m
2021-06-09T08:08:12: totalEarning = 0
2021-06-09T08:08:12: bonus_for_waiting = 0.04
2021-06-09T08:08:12: totalPayment = 1.2
2021-06-09T08:08:12: [0mPOST /endPage [32m200 [0m3.667 ms - 6496[0m
2021-06-09T08:08:12: [0mGET /stylesheets/confirmation.css [36m304 [0m1.601 ms - -[0m
2021-06-09T08:08:12: [0mGET /stylesheets/import.css [36m304 [0m1.114 ms - -[0m
2021-06-09T08:08:12: [0mGET /stylesheets/style.css [36m304 [0m0.867 ms - -[0m
2021-06-09T08:08:12: [0mGET /stylesheets/reset.css [36m304 [0m0.802 ms - -[0m
2021-06-09T08:08:12: [0mGET /assets/favicon.ico [36m304 [0m0.624 ms - -[0m
2021-06-09T08:08:45: Accessed by debug ID: INHOUSETEST3
2021-06-09T08:08:45: [0mGET /?amazonID=INHOUSETEST3 [36m304 [0m1.959 ms - -[0m
2021-06-09T08:08:45: [0mGET /stylesheets/confirmation.css [36m304 [0m0.587 ms - -[0m
2021-06-09T08:08:45: [0mGET /stylesheets/import.css [36m304 [0m0.528 ms - -[0m
2021-06-09T08:08:45: [0mGET /javascripts/goToExp.js [36m304 [0m0.468 ms - -[0m
2021-06-09T08:08:45: [0mGET /assets/UniKonstanz_Logo_Optimum_sRGB.png [36m304 [0m0.422 ms - -[0m
2021-06-09T08:08:45: [0mGET /stylesheets/reset.css [36m304 [0m0.971 ms - -[0m
2021-06-09T08:08:45: [0mGET /stylesheets/style.css [36m304 [0m0.797 ms - -[0m
2021-06-09T08:08:50: [0mGET /questionnaire [36m304 [0m1.514 ms - -[0m
2021-06-09T08:08:51: [0mGET /stylesheets/import.css [36m304 [0m0.383 ms - -[0m
2021-06-09T08:08:51: [0mGET /javascripts/jquery.min.js [36m304 [0m0.492 ms - -[0m
2021-06-09T08:08:51: [0mGET /stylesheets/reset.css [36m304 [0m0.395 ms - -[0m
2021-06-09T08:08:51: [0mGET /stylesheets/style.css [36m304 [0m0.472 ms - -[0m
2021-06-09T08:08:54: Accessed by debug ID: INHOUSETEST3
2021-06-09T08:08:54: [0mGET /?amazonID=INHOUSETEST3 [36m304 [0m1.961 ms - -[0m
2021-06-09T08:08:54: [0mGET /stylesheets/import.css [36m304 [0m0.586 ms - -[0m
2021-06-09T08:08:54: [0mGET /stylesheets/confirmation.css [36m304 [0m0.396 ms - -[0m
2021-06-09T08:08:55: [0mGET /stylesheets/reset.css [36m304 [0m0.542 ms - -[0m
2021-06-09T08:08:55: [0mGET /stylesheets/style.css [36m304 [0m0.709 ms - -[0m
2021-06-09T08:08:55: [0mGET /javascripts/goToExp.js [36m304 [0m0.548 ms - -[0m
2021-06-09T08:08:55: [0mGET /assets/UniKonstanz_Logo_Optimum_sRGB.png [36m304 [0m0.518 ms - -[0m
2021-06-09T08:28:17: Accessed by debug ID: INHOUSETEST3
2021-06-09T08:28:17: [0mGET /?amazonID=INHOUSETEST3 [36m304 [0m2.124 ms - -[0m
2021-06-09T08:28:17: Accessed by debug ID: INHOUSETEST3
2021-06-09T08:28:17: [0mGET /?amazonID=INHOUSETEST3 [36m304 [0m1.245 ms - -[0m
2021-06-09T08:28:17: [0mGET /stylesheets/confirmation.css [36m304 [0m1.109 ms - -[0m
2021-06-09T08:28:17: [0mGET /stylesheets/import.css [36m304 [0m0.814 ms - -[0m
2021-06-09T08:28:17: [0mGET /stylesheets/import.css [36m304 [0m0.423 ms - -[0m
2021-06-09T08:28:17: [0mGET /stylesheets/confirmation.css [36m304 [0m0.334 ms - -[0m
2021-06-09T08:28:17: [0mGET /stylesheets/reset.css [36m304 [0m0.807 ms - -[0m
2021-06-09T08:28:17: [0mGET /stylesheets/style.css [36m304 [0m0.708 ms - -[0m
2021-06-09T08:28:17: [0mGET /javascripts/goToExp.js [36m304 [0m0.423 ms - -[0m
2021-06-09T08:28:17: [0mGET /assets/UniKonstanz_Logo_Optimum_sRGB.png [36m304 [0m0.462 ms - -[0m
2021-06-09T08:28:17: [0mGET /stylesheets/reset.css [36m304 [0m0.999 ms - -[0m
2021-06-09T08:28:17: [0mGET /stylesheets/style.css [36m304 [0m0.715 ms - -[0m
2021-06-09T08:28:17: [0mGET /javascripts/goToExp.js [36m304 [0m0.484 ms - -[0m
2021-06-09T08:28:17: [0mGET /assets/UniKonstanz_Logo_Optimum_sRGB.png [36m304 [0m0.415 ms - -[0m
2021-06-09T08:40:50: [0mGET / [36m302 [0m1.344 ms - 46[0m
2021-06-09T08:45:37: Accessed by debug ID: INHOUSETEST3
2021-06-09T08:45:37: [0mGET /?amazonID=INHOUSETEST3 [32m200 [0m1.703 ms - 12813[0m
2021-06-09T08:45:37: [0mGET /stylesheets/import.css [32m200 [0m1.535 ms - 129[0m
2021-06-09T08:45:37: [0mGET /stylesheets/confirmation.css [32m200 [0m2.179 ms - 2661[0m
2021-06-09T08:45:37: [0mGET /stylesheets/reset.css [32m200 [0m0.606 ms - 1093[0m
2021-06-09T08:45:38: [0mGET /javascripts/goToExp.js [32m200 [0m1.026 ms - 7476[0m
2021-06-09T08:45:38: [0mGET /assets/UniKonstanz_Logo_Optimum_sRGB.png [32m200 [0m1.027 ms - 35046[0m
2021-06-09T08:45:38: [0mGET /stylesheets/style.css [32m200 [0m0.782 ms - 4060[0m
2021-06-09T08:45:38: [0mGET /assets/favicon.ico [32m200 [0m0.600 ms - 1150[0m
2021-06-09T08:45:56: Accessed by debug ID: INHOUSETEST3
2021-06-09T08:45:56: [0mGET /?amazonID=INHOUSETEST3 [36m304 [0m1.239 ms - -[0m
2021-06-09T08:45:57: Accessed by debug ID: INHOUSETEST3
2021-06-09T08:45:57: [0mGET /?amazonID=INHOUSETEST3 [36m304 [0m3.498 ms - -[0m
2021-06-09T08:45:57: [0mGET /stylesheets/import.css [36m304 [0m0.956 ms - -[0m
2021-06-09T08:45:57: [0mGET /stylesheets/confirmation.css [36m304 [0m0.777 ms - -[0m
2021-06-09T08:45:57: [0mGET /stylesheets/import.css [36m304 [0m0.387 ms - -[0m
2021-06-09T08:45:57: [0mGET /stylesheets/confirmation.css [36m304 [0m0.362 ms - -[0m
2021-06-09T08:45:57: [0mGET /stylesheets/reset.css [36m304 [0m0.395 ms - -[0m
2021-06-09T08:45:57: [0mGET /stylesheets/style.css [36m304 [0m0.728 ms - -[0m
2021-06-09T08:45:57: [0mGET /javascripts/goToExp.js [36m304 [0m0.654 ms - -[0m
2021-06-09T08:45:57: [0mGET /javascripts/goToExp.js [36m304 [0m0.439 ms - -[0m
2021-06-09T08:45:57: [0mGET /stylesheets/style.css [36m304 [0m0.490 ms - -[0m
2021-06-09T08:45:57: [0mGET /stylesheets/reset.css [36m304 [0m0.393 ms - -[0m
2021-06-09T08:45:57: [0mGET /assets/UniKonstanz_Logo_Optimum_sRGB.png [36m304 [0m0.422 ms - -[0m
2021-06-09T08:45:57: [0mGET /assets/UniKonstanz_Logo_Optimum_sRGB.png [36m304 [0m0.390 ms - -[0m
2021-06-09T08:51:36: Accessed by debug ID: INHOUSETEST3
2021-06-09T08:51:36: [0mGET /?amazonID=INHOUSETEST3 [36m304 [0m1.970 ms - -[0m
2021-06-09T08:51:36: [0mGET /stylesheets/import.css [36m304 [0m0.385 ms - -[0m
2021-06-09T08:51:36: [0mGET /stylesheets/confirmation.css [36m304 [0m0.485 ms - -[0m
2021-06-09T08:51:36: [0mGET /javascripts/goToExp.js [36m304 [0m0.843 ms - -[0m
2021-06-09T08:51:36: [0mGET /stylesheets/reset.css [36m304 [0m0.719 ms - -[0m
2021-06-09T08:51:36: [0mGET /stylesheets/style.css [36m304 [0m0.567 ms - -[0m
2021-06-09T08:51:36: [0mGET /assets/UniKonstanz_Logo_Optimum_sRGB.png [36m304 [0m0.582 ms - -[0m
2021-06-09T08:51:40: Accessed by debug ID: INHOUSETEST3
2021-06-09T08:51:40: [0mGET /?amazonID=INHOUSETEST3 [36m304 [0m1.367 ms - -[0m
2021-06-09T08:51:40: [0mGET /stylesheets/confirmation.css [36m304 [0m1.051 ms - -[0m
2021-06-09T08:51:40: [0mGET /stylesheets/import.css [36m304 [0m0.945 ms - -[0m
2021-06-09T08:51:40: [0mGET /stylesheets/style.css [36m304 [0m1.455 ms - -[0m
2021-06-09T08:51:40: [0mGET /javascripts/goToExp.js [36m304 [0m1.452 ms - -[0m
2021-06-09T08:51:40: [0mGET /stylesheets/reset.css [36m304 [0m1.372 ms - -[0m
2021-06-09T08:51:40: [0mGET /assets/UniKonstanz_Logo_Optimum_sRGB.png [36m304 [0m0.377 ms - -[0m
2021-06-09T08:51:49: Accessed by debug ID: INHOUSETEST3
2021-06-09T08:51:49: [0mGET /?amazonID=INHOUSETEST3 [36m304 [0m1.214 ms - -[0m
2021-06-09T08:51:49: [0mGET /stylesheets/import.css [36m304 [0m0.453 ms - -[0m
2021-06-09T08:51:49: [0mGET /stylesheets/reset.css [36m304 [0m0.907 ms - -[0m
2021-06-09T08:51:49: [0mGET /stylesheets/confirmation.css [36m304 [0m0.918 ms - -[0m
2021-06-09T08:51:49: [0mGET /stylesheets/style.css [36m304 [0m0.378 ms - -[0m
2021-06-09T08:51:49: [0mGET /javascripts/goToExp.js [36m304 [0m1.710 ms - -[0m
2021-06-09T08:51:49: [0mGET /assets/UniKonstanz_Logo_Optimum_sRGB.png [36m304 [0m1.527 ms - -[0m
2021-06-09T08:51:49: [0mGET /assets/favicon.ico [36m304 [0m1.495 ms - -[0m
2021-06-09T09:10:39: [0mGET /questionnaireForDisconnectedSubjects?amazonID=INHOUSETEST3&bonus_for_waiting=2.082805979535184&totalEarningInCent=0&confirmationID=SugrLVhUH4d6HTYfAAAN&exp_condition=binary&indivOrGroup=1&completed=browserHidden&latency=-1 [32m200 [0m1.222 ms - 6817[0m
2021-06-09T09:10:39: [0mGET /stylesheets/import.css [36m304 [0m1.222 ms - -[0m
2021-06-09T09:10:39: [0mGET /stylesheets/questionnaire.css [36m304 [0m1.057 ms - -[0m
2021-06-09T09:10:40: [0mGET /questionnaireForDisconnectedSubjects?amazonID=INHOUSETEST3&bonus_for_waiting=154.23125124960242&totalEarningInCent=0&confirmationID=ltl4wyqXVNu2Q2eBAAAL&exp_condition=binary&indivOrGroup=1&completed=0&latency=-1 [32m200 [0m1.229 ms - 6806[0m
2021-06-09T09:10:40: [0mGET /javascripts/questionnaireForm.js [32m200 [0m0.553 ms - 7554[0m
2021-06-09T09:10:40: [0mGET /stylesheets/reset.css [36m304 [0m0.366 ms - -[0m
2021-06-09T09:10:40: [0mGET /stylesheets/style.css [36m304 [0m0.335 ms - -[0m
2021-06-09T09:10:40: [0mGET /stylesheets/import.css [36m304 [0m0.608 ms - -[0m
2021-06-09T09:10:40: [0mGET /stylesheets/questionnaire.css [36m304 [0m0.392 ms - -[0m
2021-06-09T09:10:40: [0mGET /javascripts/questionnaireForm.js [36m304 [0m0.685 ms - -[0m
2021-06-09T09:10:40: [0mGET /stylesheets/reset.css [36m304 [0m1.124 ms - -[0m
2021-06-09T09:10:40: [0mGET /stylesheets/style.css [36m304 [0m0.938 ms - -[0m
2021-06-09T09:19:42: questionnaire.js : INHOUSETEST392-8otNusnj2NDIiFuF0AAAMbinary1
2021-06-09T09:19:42: [0mPOST /questionnaire [32m200 [0m8.014 ms - 6339[0m
2021-06-09T09:19:43: [0mGET /stylesheets/questionnaire.css [32m200 [0m0.753 ms - 995[0m
2021-06-09T09:19:43: [0mGET /stylesheets/import.css [36m304 [0m0.927 ms - -[0m
2021-06-09T09:19:43: [0mGET /javascripts/questionnaireForm.js [32m200 [0m5.958 ms - 7554[0m
2021-06-09T09:19:43: [0mGET /stylesheets/reset.css [36m304 [0m0.484 ms - -[0m
2021-06-09T09:19:43: [0mGET /stylesheets/style.css [36m304 [0m0.439 ms - -[0m
2021-06-09T09:21:51: totalEarning = 0
2021-06-09T09:21:51: bonus_for_waiting = 0.92
2021-06-09T09:21:51: totalPayment = 1.8
2021-06-09T09:21:51: [0mPOST /endPage [32m200 [0m2.882 ms - 6499[0m
2021-06-09T09:21:51: [0mGET /stylesheets/import.css [36m304 [0m0.473 ms - -[0m
2021-06-09T09:21:51: [0mGET /stylesheets/style.css [36m304 [0m0.619 ms - -[0m
2021-06-09T09:21:51: [0mGET /stylesheets/confirmation.css [36m304 [0m0.441 ms - -[0m
2021-06-09T09:21:51: [0mGET /stylesheets/reset.css [36m304 [0m0.451 ms - -[0m
2021-06-09T09:47:39: [0mGET /questionnaireForDisconnectedSubjects?amazonID=INHOUSETEST3&bonus_for_waiting=3.469560439574164&totalEarningInCent=0&confirmationID=i5duo5yeV3vNqmW0AAAK&exp_condition=binary&indivOrGroup=0&completed=browserHidden&latency=-1 [32m200 [0m1.378 ms - 6817[0m
2021-06-09T09:47:39: [0mGET /stylesheets/import.css [36m304 [0m0.440 ms - -[0m
2021-06-09T09:47:39: [0mGET /stylesheets/reset.css [36m304 [0m0.430 ms - -[0m
2021-06-09T09:47:39: [0mGET /stylesheets/questionnaire.css [36m304 [0m0.921 ms - -[0m
2021-06-09T09:47:39: [0mGET /javascripts/questionnaireForm.js [36m304 [0m0.804 ms - -[0m
2021-06-09T09:47:39: [0mGET /stylesheets/style.css [36m304 [0m0.494 ms - -[0m
2021-06-09T09:47:47: Accessed by debug ID: INHOUSETEST3
2021-06-09T09:47:47: [0mGET /?amazonID=INHOUSETEST3 [36m304 [0m1.691 ms - -[0m
2021-06-09T09:47:47: [0mGET /stylesheets/import.css [36m304 [0m0.461 ms - -[0m
2021-06-09T09:47:47: [0mGET /stylesheets/style.css [36m304 [0m1.544 ms - -[0m
2021-06-09T09:47:47: [0mGET /stylesheets/reset.css [36m304 [0m1.427 ms - -[0m
2021-06-09T09:47:47: [0mGET /stylesheets/confirmation.css [36m304 [0m1.394 ms - -[0m
2021-06-09T09:47:47: [0mGET /javascripts/goToExp.js [36m304 [0m0.947 ms - -[0m
2021-06-09T09:47:47: [0mGET /assets/UniKonstanz_Logo_Optimum_sRGB.png [36m304 [0m0.880 ms - -[0m
2021-06-09T09:55:35: questionnaire.js : INHOUSETEST3329ycNew7yvABjewfjzAAARbinary0
2021-06-09T09:55:35: [0mPOST /questionnaire [32m200 [0m2.608 ms - 6338[0m
2021-06-09T09:55:35: [0mGET /stylesheets/questionnaire.css [36m304 [0m0.428 ms - -[0m
2021-06-09T09:55:35: [0mGET /stylesheets/import.css [36m304 [0m0.617 ms - -[0m
2021-06-09T09:55:35: [0mGET /stylesheets/style.css [36m304 [0m1.195 ms - -[0m
2021-06-09T09:55:35: [0mGET /javascripts/questionnaireForm.js [36m304 [0m1.050 ms - -[0m
2021-06-09T09:55:35: [0mGET /stylesheets/reset.css [36m304 [0m0.944 ms - -[0m
2021-06-09T09:55:49: Accessed by debug ID: INHOUSETEST3
2021-06-09T09:55:49: [0mGET /?amazonID=INHOUSETEST3 [36m304 [0m1.362 ms - -[0m
2021-06-09T09:55:49: [0mGET /stylesheets/import.css [36m304 [0m0.419 ms - -[0m
2021-06-09T09:55:49: [0mGET /stylesheets/reset.css [36m304 [0m0.963 ms - -[0m
2021-06-09T09:55:49: [0mGET /javascripts/goToExp.js [36m304 [0m0.361 ms - -[0m
2021-06-09T09:55:49: [0mGET /stylesheets/confirmation.css [36m304 [0m0.536 ms - -[0m
2021-06-09T09:55:49: [0mGET /assets/UniKonstanz_Logo_Optimum_sRGB.png [36m304 [0m0.417 ms - -[0m
2021-06-09T09:55:49: [0mGET /stylesheets/style.css [36m304 [0m0.438 ms - -[0m
2021-06-09T17:27:45: [0mPOST /_ignition/execute-solution [33m404 [0m1.575 ms - 1204[0m
2021-06-09T19:22:49: [0mHEAD / [36m302 [0m0.573 ms - 46[0m
2021-06-09T20:10:21: [0mGET / [36m302 [0m0.782 ms - 46[0m
2021-06-09T20:37:29: [0mGET / [36m302 [0m0.453 ms - 46[0m
2021-06-09T21:13:30: [0mGET / [36m302 [0m0.727 ms - 46[0m
2021-06-09T21:13:30: [0mGET / [36m302 [0m2.692 ms - 46[0m
2021-06-10T16:03:05: [0mGET / [36m302 [0m0.767 ms - 46[0m
2021-06-10T16:03:08: [0mGET /icons/favicon.ico [33m404 [0m1.182 ms - 1204[0m
2021-06-10T16:03:08: [0mGET /favicon.ico [33m404 [0m1.134 ms - 1204[0m
2021-06-10T16:03:09: [0mGET /icons/apple-touch-icon.png [33m404 [0m0.895 ms - 1204[0m
2021-06-10T16:03:10: [0mGET /icons/favicon-32x32.png [33m404 [0m0.890 ms - 1204[0m
2021-06-10T16:03:10: [0mGET /icons/favicon-16x16.png [33m404 [0m0.790 ms - 1204[0m
2021-06-10T16:03:11: [0mGET /icons/safari-pinned-tab.svg [33m404 [0m1.680 ms - 1204[0m
2021-06-10T16:03:11: [0mGET /icons/favicon.ico [33m404 [0m0.822 ms - 1204[0m
2021-06-10T16:03:12: [0mGET / [36m302 [0m0.871 ms - 46[0m
2021-06-10T16:03:32: [0mGET /favicon.ico [33m404 [0m1.283 ms - 1204[0m
2021-06-10T18:50:04: [0mGET / [36m302 [0m0.824 ms - 46[0m
2021-06-10T20:10:04: [0mGET / [36m302 [0m0.722 ms - 46[0m
2021-06-11T12:01:05: [0mGET / [36m302 [0m0.801 ms - 46[0m
2021-06-11T14:22:50: [0mGET / [36m302 [0m0.734 ms - 46[0m
2021-06-11T14:22:51: [0mGET / [36m302 [0m0.681 ms - 46[0m
2021-06-11T14:57:54: [0mGET / [36m302 [0m0.621 ms - 46[0m
2021-06-11T14:57:55: [0mGET /icons/favicon.ico [33m404 [0m2.104 ms - 1204[0m
2021-06-11T14:58:26: [0mGET /icons/apple-touch-icon.png [33m404 [0m0.844 ms - 1204[0m
2021-06-11T14:58:26: [0mGET /icons/favicon-32x32.png [33m404 [0m0.888 ms - 1204[0m
2021-06-11T14:59:57: [0mGET /favicon.ico [33m404 [0m1.036 ms - 1204[0m
2021-06-11T15:54:46: [0mGET / [36m302 [0m0.691 ms - 46[0m
2021-06-11T16:40:50: [0mGET / [36m302 [0m0.611 ms - 46[0m
2021-06-11T16:40:50: [0mGET / [36m302 [0m0.497 ms - 46[0m
2021-06-11T17:38:14: [0mGET / [36m302 [0m0.503 ms - 46[0m
2021-06-11T17:38:14: [0mGET / [36m302 [0m0.515 ms - 46[0m
2021-06-11T17:39:48: [0mGET / [36m302 [0m0.843 ms - 46[0m
2021-06-11T23:47:33: [0mGET / [36m302 [0m0.702 ms - 46[0m
2021-06-11T23:47:33: [0mGET / [36m302 [0m0.514 ms - 46[0m
2021-06-12T00:02:26: [0mGET / [36m302 [0m0.946 ms - 46[0m
2021-06-12T05:20:13: [0mGET / [36m302 [0m0.689 ms - 46[0m
2021-06-12T06:10:14: [0mGET / [36m302 [0m0.781 ms - 46[0m
2021-06-12T12:35:42: [0mGET / [36m302 [0m0.607 ms - 46[0m
2021-06-12T12:35:42: [0mGET / [36m302 [0m0.539 ms - 46[0m
2021-06-12T19:52:40: [0mGET / [36m302 [0m0.840 ms - 46[0m
2021-06-12T22:44:39: [0mGET / [36m302 [0m0.585 ms - 46[0m
2021-06-13T02:31:25: [0mPOST /_ignition/execute-solution [33m404 [0m3.475 ms - 1204[0m
2021-06-13T02:47:46: [0mGET / [36m302 [0m0.511 ms - 46[0m
2021-06-13T03:59:12: [0mGET /c/ [33m404 [0m1.012 ms - 1204[0m
2021-06-13T08:44:40: [0mGET / [36m302 [0m0.599 ms - 46[0m
2021-06-13T09:16:42: [0mPOST /_ignition/execute-solution [33m404 [0m1.491 ms - 1204[0m
2021-06-13T12:34:42: [0mGET / [36m302 [0m1.003 ms - 46[0m
2021-06-13T12:34:43: [0mGET /icons/favicon.ico [33m404 [0m1.066 ms - 1204[0m
2021-06-13T12:34:44: [0mGET /favicon.ico [33m404 [0m1.101 ms - 1204[0m
2021-06-13T12:34:44: [0mGET /icons/apple-touch-icon.png [33m404 [0m0.842 ms - 1204[0m
2021-06-13T12:34:45: [0mGET /icons/favicon-32x32.png [33m404 [0m0.791 ms - 1204[0m
2021-06-13T12:34:45: [0mGET /icons/favicon-16x16.png [33m404 [0m0.916 ms - 1204[0m
2021-06-13T12:34:46: [0mGET /icons/safari-pinned-tab.svg [33m404 [0m0.952 ms - 1204[0m
2021-06-13T12:34:47: [0mGET /icons/favicon.ico [33m404 [0m0.858 ms - 1204[0m
2021-06-13T12:34:47: [0mGET / [36m302 [0m0.657 ms - 46[0m
2021-06-13T12:34:58: [0mGET /icons/favicon.ico [33m404 [0m0.822 ms - 1204[0m
2021-06-13T12:34:59: [0mGET /favicon.ico [33m404 [0m0.856 ms - 1204[0m
2021-06-13T12:34:59: [0mGET /icons/apple-touch-icon.png [33m404 [0m0.793 ms - 1204[0m
2021-06-13T12:35:00: [0mGET /icons/favicon-32x32.png [33m404 [0m1.221 ms - 1204[0m
2021-06-13T12:35:01: [0mGET /icons/favicon-16x16.png [33m404 [0m0.949 ms - 1204[0m
2021-06-13T12:35:01: [0mGET /icons/safari-pinned-tab.svg [33m404 [0m0.772 ms - 1204[0m
2021-06-13T12:35:02: [0mGET /icons/favicon.ico [33m404 [0m0.883 ms - 1204[0m
2021-06-13T12:35:02: [0mGET /favicon.ico [33m404 [0m0.929 ms - 1204[0m
2021-06-13T13:27:35: [0mGET / [36m302 [0m0.563 ms - 46[0m
2021-06-13T13:27:35: [0mGET / [36m302 [0m0.503 ms - 46[0m
2021-06-13T14:03:26: [0mGET / [36m302 [0m0.587 ms - 46[0m
2021-06-14T02:11:34: [0mGET / [36m302 [0m0.663 ms - 46[0m
2021-06-14T02:42:13: [0mGET / [36m302 [0m0.622 ms - 46[0m
2021-06-14T04:26:51: [0mGET / [36m302 [0m1.552 ms - 92[0m
2021-06-14T04:26:52: [0mGET /favicon.ico [33m404 [0m1.230 ms - 1204[0m
2021-06-14T04:28:01: [0mGET / [36m302 [0m0.525 ms - 46[0m
2021-06-15T02:44:47: [0mGET / [36m302 [0m0.706 ms - 46[0m
2021-06-15T02:44:49: [0mGET /icons/favicon.ico [33m404 [0m1.953 ms - 1204[0m
2021-06-15T02:44:50: [0mGET /favicon.ico [33m404 [0m0.860 ms - 1204[0m
2021-06-15T02:44:50: [0mGET /icons/apple-touch-icon.png [33m404 [0m0.841 ms - 1204[0m
2021-06-15T02:44:51: [0mGET /icons/favicon-32x32.png [33m404 [0m0.886 ms - 1204[0m
2021-06-15T02:44:51: [0mGET /icons/favicon-16x16.png [33m404 [0m0.933 ms - 1204[0m
2021-06-15T02:44:52: [0mGET /icons/safari-pinned-tab.svg [33m404 [0m0.888 ms - 1204[0m
2021-06-15T02:44:52: [0mGET /icons/favicon.ico [33m404 [0m1.509 ms - 1204[0m
2021-06-15T02:44:53: [0mGET / [36m302 [0m0.683 ms - 46[0m
2021-06-15T02:44:55: [0mGET /icons/favicon.ico [33m404 [0m1.053 ms - 1204[0m
2021-06-15T02:44:55: [0mGET /favicon.ico [33m404 [0m0.810 ms - 1204[0m
2021-06-15T02:44:56: [0mGET /icons/apple-touch-icon.png [33m404 [0m0.811 ms - 1204[0m
2021-06-15T02:44:57: [0mGET /icons/favicon-32x32.png [33m404 [0m0.861 ms - 1204[0m
2021-06-15T02:44:57: [0mGET /icons/favicon-16x16.png [33m404 [0m1.781 ms - 1204[0m
2021-06-15T02:44:58: [0mGET /icons/safari-pinned-tab.svg [33m404 [0m0.889 ms - 1204[0m
2021-06-15T02:44:58: [0mGET /icons/favicon.ico [33m404 [0m0.844 ms - 1204[0m
2021-06-15T02:44:59: [0mGET /favicon.ico [33m404 [0m0.835 ms - 1204[0m
2021-06-15T04:47:20: [0mGET / [36m302 [0m0.514 ms - 46[0m
2021-06-15T06:07:56: [0mGET / [36m302 [0m0.566 ms - 46[0m
2021-06-15T11:58:09: [0mGET / [36m302 [0m0.584 ms - 46[0m
2021-06-15T22:06:08: [0mGET / [36m302 [0m0.606 ms - 46[0m
2021-06-16T00:17:53: [0mGET / [36m302 [0m0.793 ms - 46[0m
2021-06-16T03:03:04: [0mGET / [36m302 [0m0.619 ms - 46[0m
2021-06-16T03:03:05: [0mGET / [36m302 [0m0.595 ms - 46[0m
2021-06-16T05:13:23: [0mGET / [36m302 [0m0.635 ms - 46[0m
2021-06-16T05:51:43: [0mGET / [36m302 [0m0.617 ms - 46[0m
2021-06-16T06:54:31: [0mGET / [36m302 [0m0.539 ms - 46[0m
2021-06-16T07:09:53: [0mGET / [36m302 [0m0.544 ms - 46[0m
2021-06-16T07:45:04: [0mGET / [36m302 [0m0.611 ms - 92[0m
2021-06-16T07:45:05: [0mGET /favicon.ico [33m404 [0m1.433 ms - 1204[0m
2021-06-16T07:45:09: [0mGET / [36m302 [0m0.556 ms - 46[0m
2021-06-16T22:40:59: [0mGET / [36m302 [0m0.689 ms - 46[0m
2021-06-16T22:41:00: [0mGET / [36m302 [0m0.518 ms - 46[0m
2021-06-17T02:48:46: [0mGET / [36m302 [0m0.752 ms - 46[0m
2021-06-17T06:09:40: [0mHEAD /robots.txt [33m404 [0m1.265 ms - 1204[0m
2021-06-17T07:01:55: [0mGET / [36m302 [0m0.647 ms - 46[0m
2021-06-17T08:55:44: [0mGET /stylesheets/import.css [36m304 [0m3.563 ms - -[0m
2021-06-17T08:55:44: [0mGET /javascripts/questionnaireForm.js [36m304 [0m3.294 ms - -[0m
2021-06-17T08:55:44: [0mGET /stylesheets/questionnaire.css [36m304 [0m1.940 ms - -[0m
2021-06-17T08:55:44: [0mGET /stylesheets/reset.css [36m304 [0m1.230 ms - -[0m
2021-06-17T08:55:44: [0mGET /stylesheets/style.css [36m304 [0m0.965 ms - -[0m
2021-06-17T08:55:44: [0mGET /assets/favicon.ico [36m304 [0m0.595 ms - -[0m
2021-06-17T10:30:31: [0mGET / [36m302 [0m0.581 ms - 46[0m
2021-06-17T13:26:52: [0mHEAD / [36m302 [0m0.632 ms - 46[0m
2021-06-17T13:26:53: [0mGET /system_api.php [33m404 [0m1.345 ms - 1204[0m
2021-06-17T13:26:53: [0mGET /c/version.js [33m404 [0m1.083 ms - 1204[0m
2021-06-17T13:26:53: [0mGET /streaming/clients_live.php [33m404 [0m0.959 ms - 1204[0m
2021-06-17T13:26:54: [0mGET /stalker_portal/c/version.js [33m404 [0m0.829 ms - 1204[0m
2021-06-17T13:26:54: [0mGET /stream/live.php [33m404 [0m1.065 ms - 1204[0m
2021-06-17T19:55:06: [0mGET / [36m302 [0m0.763 ms - 46[0m
2021-06-17T20:06:57: [0mGET / [36m302 [0m0.751 ms - 46[0m
2021-06-17T21:27:30: [0mGET / [36m302 [0m0.784 ms - 46[0m
2021-06-18T00:38:11: [0mGET / [36m302 [0m0.862 ms - 46[0m
2021-06-18T04:33:36: [0mGET / [36m302 [0m0.861 ms - 46[0m
2021-06-18T04:33:36: [0mGET / [36m302 [0m0.538 ms - 46[0m
2021-06-18T07:50:05: [0mGET / [36m302 [0m0.543 ms - 46[0m
2021-06-18T07:50:05: [0mGET / [36m302 [0m0.635 ms - 46[0m
2021-06-18T07:50:05: [0mGET /favicon.ico [33m404 [0m1.414 ms - 1204[0m
2021-06-18T07:50:06: [0mGET /robots.txt [33m404 [0m0.831 ms - 1204[0m
2021-06-18T07:50:07: [0mGET /.well-known/security.txt [33m404 [0m0.923 ms - 1204[0m
2021-06-18T08:24:23: [0mGET / [36m302 [0m0.541 ms - 46[0m
2021-06-18T11:34:47: [0mGET / [36m302 [0m0.779 ms - 46[0m
2021-06-18T11:34:47: [0mGET / [36m302 [0m0.676 ms - 46[0m
2021-06-18T11:36:15: [0mGET / [36m302 [0m0.647 ms - 92[0m
2021-06-18T12:33:52: [0mGET /favicon.ico [33m404 [0m0.994 ms - 1204[0m
2021-06-18T16:34:11: [0mPOST /_ignition/execute-solution [33m404 [0m2.904 ms - 1204[0m
2021-06-18T16:52:02: [0mGET / [36m302 [0m1.079 ms - 46[0m
2021-06-18T23:26:02: [0mPOST / [33m404 [0m1.283 ms - 1204[0m
2021-06-19T00:24:00: [0mGET / [36m302 [0m0.729 ms - 92[0m
2021-06-19T02:50:09: [0mGET / [36m302 [0m0.647 ms - 46[0m
2021-06-19T13:50:14: [0mGET / [36m302 [0m0.682 ms - 46[0m
2021-06-19T20:00:52: [0mPOST /_ignition/execute-solution [33m404 [0m1.459 ms - 1204[0m
2021-06-19T21:49:21: [0mGET / [36m302 [0m0.584 ms - 46[0m
2021-06-20T00:53:00: [0mGET / [36m302 [0m0.575 ms - 92[0m
2021-06-20T02:56:28: [0mGET / [36m302 [0m0.564 ms - 46[0m
2021-06-20T02:56:28: [0mGET / [36m302 [0m0.546 ms - 46[0m
2021-06-20T09:10:38: [0mGET / [36m302 [0m0.578 ms - 46[0m
2021-06-20T10:52:51: [0mGET / [36m302 [0m0.509 ms - 46[0m
2021-06-20T17:42:13: [0mGET / [36m302 [0m0.901 ms - 46[0m
2021-06-20T17:42:13: [0mGET / [36m302 [0m0.473 ms - 46[0m
2021-06-20T17:50:01: [0mGET / [36m302 [0m0.707 ms - 46[0m
2021-06-20T17:50:01: [0mGET / [36m302 [0m0.470 ms - 46[0m
2021-06-20T18:51:07: [0mGET / [36m302 [0m0.739 ms - 46[0m
2021-06-21T02:28:50: [0mGET /javascripts/questionnaireForm.js [36m304 [0m3.002 ms - -[0m
2021-06-21T02:28:50: [0mGET /stylesheets/questionnaire.css [36m304 [0m2.605 ms - -[0m
2021-06-21T02:28:50: [0mGET /stylesheets/import.css [36m304 [0m2.472 ms - -[0m
2021-06-21T02:28:50: [0mGET /stylesheets/style.css [36m304 [0m0.872 ms - -[0m
2021-06-21T02:28:50: [0mGET /stylesheets/reset.css [36m304 [0m0.762 ms - -[0m
2021-06-21T05:31:14: [0mGET / [36m302 [0m0.627 ms - 92[0m
2021-06-21T05:31:15: [0mGET /favicon.ico [33m404 [0m1.388 ms - 1204[0m
2021-06-21T05:31:19: [0mGET / [36m302 [0m0.625 ms - 46[0m
2021-06-21T06:05:46: [0mGET / [36m302 [0m0.515 ms - 46[0m
2021-06-21T06:05:47: [0mGET / [36m302 [0m0.468 ms - 46[0m
2021-06-21T07:49:49: [0mGET / [36m302 [0m0.564 ms - 46[0m
2021-06-21T11:43:18: [0mPOST /_ignition/execute-solution [33m404 [0m1.857 ms - 1204[0m
2021-06-21T12:45:47: [0mGET / [36m302 [0m1.007 ms - 46[0m
2021-06-21T14:36:41: [0mGET / [36m302 [0m0.902 ms - 46[0m
2021-06-21T23:14:29: [0mGET / [36m302 [0m0.952 ms - 46[0m
2021-06-22T05:55:40: Accessed by debug ID: INHOUSETEST3
2021-06-22T05:55:40: [0mGET /?amazonID=INHOUSETEST3 [32m200 [0m4.744 ms - 12766[0m
2021-06-22T05:55:40: [0mGET /stylesheets/import.css [36m304 [0m1.327 ms - -[0m
2021-06-22T05:55:40: [0mGET /stylesheets/confirmation.css [36m304 [0m1.272 ms - -[0m
2021-06-22T05:55:40: [0mGET /javascripts/goToExp.js [36m304 [0m0.720 ms - -[0m
2021-06-22T05:55:40: [0mGET /stylesheets/style.css [36m304 [0m2.953 ms - -[0m
2021-06-22T05:55:40: [0mGET /stylesheets/reset.css [36m304 [0m1.823 ms - -[0m
2021-06-22T05:55:40: [0mGET /assets/UniKonstanz_Logo_Optimum_sRGB.png [36m304 [0m0.697 ms - -[0m
2021-06-22T05:57:00: Accessed by debug ID: INHOUSETEST3
2021-06-22T05:57:00: [0mGET /?amazonID=INHOUSETEST3 [36m304 [0m2.525 ms - -[0m
2021-06-22T05:57:00: [0mGET /stylesheets/confirmation.css [36m304 [0m1.091 ms - -[0m
2021-06-22T05:57:00: [0mGET /stylesheets/import.css [36m304 [0m0.731 ms - -[0m
2021-06-22T05:57:00: [0mGET /javascripts/goToExp.js [36m304 [0m0.692 ms - -[0m
2021-06-22T05:57:00: [0mGET /assets/UniKonstanz_Logo_Optimum_sRGB.png [36m304 [0m1.400 ms - -[0m
2021-06-22T05:57:00: [0mGET /stylesheets/reset.css [36m304 [0m1.073 ms - -[0m
2021-06-22T05:57:00: [0mGET /stylesheets/style.css [36m304 [0m0.944 ms - -[0m
2021-06-22T05:57:15: Accessed by debug ID: INHOUSETEST3
2021-06-22T05:57:15: [0mGET /?amazonID=INHOUSETEST3 [32m200 [0m3.447 ms - 12766[0m
2021-06-22T05:57:15: [0mGET /stylesheets/import.css [36m304 [0m0.842 ms - -[0m
2021-06-22T05:57:15: [0mGET /stylesheets/confirmation.css [36m304 [0m0.695 ms - -[0m
2021-06-22T05:57:15: [0mGET /javascripts/goToExp.js [36m304 [0m0.755 ms - -[0m
2021-06-22T05:57:15: [0mGET /stylesheets/reset.css [36m304 [0m0.725 ms - -[0m
2021-06-22T05:57:16: [0mGET /stylesheets/style.css [36m304 [0m0.689 ms - -[0m
2021-06-22T05:57:16: [0mGET /assets/UniKonstanz_Logo_Optimum_sRGB.png [36m304 [0m0.794 ms - -[0m
2021-06-22T05:58:53: Accessed by debug ID: INHOUSETEST3
2021-06-22T05:58:53: [0mGET /?amazonID=INHOUSETEST3 [32m200 [0m3.326 ms - 12890[0m
2021-06-22T05:58:53: [0mGET /stylesheets/confirmation.css [36m304 [0m1.402 ms - -[0m
2021-06-22T05:58:53: [0mGET /stylesheets/import.css [36m304 [0m1.161 ms - -[0m
2021-06-22T05:58:53: [0mGET /javascripts/goToExp.js [36m304 [0m0.610 ms - -[0m
2021-06-22T05:58:53: [0mGET /assets/UniKonstanz_Logo_Optimum_sRGB.png [36m304 [0m0.708 ms - -[0m
2021-06-22T05:58:53: [0mGET /stylesheets/reset.css [36m304 [0m2.564 ms - -[0m
2021-06-22T05:58:53: [0mGET /stylesheets/style.css [36m304 [0m0.646 ms - -[0m
2021-06-22T06:03:19: Accessed by debug ID: INHOUSETEST3
2021-06-22T06:03:19: [0mGET /?amazonID=INHOUSETEST3 [36m304 [0m2.347 ms - -[0m
2021-06-22T06:03:19: [0mGET /stylesheets/import.css [36m304 [0m0.832 ms - -[0m
2021-06-22T06:03:19: [0mGET /stylesheets/confirmation.css [36m304 [0m0.636 ms - -[0m
2021-06-22T06:03:19: [0mGET /stylesheets/reset.css [36m304 [0m1.823 ms - -[0m
2021-06-22T06:03:19: [0mGET /javascripts/goToExp.js [32m200 [0m3.500 ms - 7551[0m
2021-06-22T06:03:19: [0mGET /stylesheets/style.css [36m304 [0m0.640 ms - -[0m
2021-06-22T06:03:19: [0mGET /assets/UniKonstanz_Logo_Optimum_sRGB.png [36m304 [0m0.619 ms - -[0m
2021-06-22T08:26:25: Accessed by debug ID: INHOUSETEST3
2021-06-22T08:26:25: [0mGET /?amazonID=INHOUSETEST3 [36m304 [0m2.046 ms - -[0m
2021-06-22T08:26:25: [0mGET /stylesheets/import.css [36m304 [0m1.064 ms - -[0m
2021-06-22T08:26:25: [0mGET /stylesheets/reset.css [36m304 [0m0.812 ms - -[0m
2021-06-22T08:26:25: [0mGET /stylesheets/style.css [36m304 [0m1.268 ms - -[0m
2021-06-22T08:26:25: [0mGET /javascripts/goToExp.js [36m304 [0m0.773 ms - -[0m
2021-06-22T08:26:26: [0mGET /stylesheets/confirmation.css [36m304 [0m0.570 ms - -[0m
2021-06-22T08:26:28: [0mGET /assets/UniKonstanz_Logo_Optimum_sRGB.png [36m304 [0m0.603 ms - -[0m
2021-06-22T10:19:03: [0mGET /questionnaireForDisconnectedSubjects?amazonID=INHOUSETEST3&bonus_for_waiting=310.4472684416993&totalEarningInCent=0&confirmationID=vxsXdl86JjIIy-9RAAAf&exp_condition=binary&indivOrGroup=1&completed=0&latency=-1 [32m200 [0m3.690 ms - 6851[0m
2021-06-22T10:19:05: [0mGET /stylesheets/import.css [36m304 [0m1.291 ms - -[0m
2021-06-22T10:19:05: [0mGET /stylesheets/questionnaire.css [36m304 [0m1.303 ms - -[0m
2021-06-22T10:19:05: [0mGET /javascripts/questionnaireForm.js [36m304 [0m0.642 ms - -[0m
2021-06-22T10:19:05: [0mGET /stylesheets/reset.css [36m304 [0m0.745 ms - -[0m
2021-06-22T10:19:05: [0mGET /stylesheets/style.css [36m304 [0m0.675 ms - -[0m
2021-06-22T10:28:14: Accessed by debug ID: INHOUSETEST3
2021-06-22T10:28:14: [0mGET /?amazonID=INHOUSETEST3 [36m304 [0m2.212 ms - -[0m
2021-06-22T10:28:14: Accessed by debug ID: INHOUSETEST3
2021-06-22T10:28:14: [0mGET /?amazonID=INHOUSETEST3 [36m304 [0m2.194 ms - -[0m
2021-06-22T10:28:14: [0mGET /stylesheets/import.css [36m304 [0m0.542 ms - -[0m
2021-06-22T10:28:15: [0mGET /stylesheets/confirmation.css [36m304 [0m0.709 ms - -[0m
2021-06-22T10:28:15: [0mGET /javascripts/goToExp.js [36m304 [0m0.548 ms - -[0m
2021-06-22T10:28:15: [0mGET /stylesheets/import.css [36m304 [0m0.589 ms - -[0m
2021-06-22T10:28:15: [0mGET /stylesheets/reset.css [36m304 [0m1.449 ms - -[0m
2021-06-22T10:28:15: [0mGET /stylesheets/confirmation.css [36m304 [0m1.286 ms - -[0m
2021-06-22T10:28:15: [0mGET /stylesheets/style.css [36m304 [0m0.520 ms - -[0m
2021-06-22T10:28:15: [0mGET /javascripts/goToExp.js [36m304 [0m0.531 ms - -[0m
2021-06-22T10:28:15: [0mGET /stylesheets/style.css [36m304 [0m1.286 ms - -[0m
2021-06-22T10:28:15: [0mGET /stylesheets/reset.css [36m304 [0m1.004 ms - -[0m
2021-06-22T10:28:15: [0mGET /assets/UniKonstanz_Logo_Optimum_sRGB.png [36m304 [0m0.468 ms - -[0m
2021-06-22T10:28:15: [0mGET /assets/UniKonstanz_Logo_Optimum_sRGB.png [36m304 [0m0.630 ms - -[0m
2021-06-22T10:41:28: Accessed by debug ID: INHOUSETEST3
2021-06-22T10:41:28: [0mGET /?amazonID=INHOUSETEST3 [36m304 [0m2.010 ms - -[0m
2021-06-22T10:41:28: [0mGET /stylesheets/import.css [36m304 [0m0.636 ms - -[0m
2021-06-22T10:41:28: [0mGET /stylesheets/confirmation.css [36m304 [0m0.753 ms - -[0m
2021-06-22T10:41:28: [0mGET /javascripts/goToExp.js [36m304 [0m0.684 ms - -[0m
2021-06-22T10:41:28: [0mGET /stylesheets/reset.css [36m304 [0m0.663 ms - -[0m
2021-06-22T10:41:28: [0mGET /stylesheets/style.css [36m304 [0m0.662 ms - -[0m
2021-06-22T10:41:28: [0mGET /assets/UniKonstanz_Logo_Optimum_sRGB.png [36m304 [0m0.495 ms - -[0m
2021-06-22T10:57:21: [0mGET / [36m302 [0m1.133 ms - 92[0m
2021-06-22T11:48:17: [0mGET / [36m302 [0m0.955 ms - 46[0m
2021-06-22T12:50:26: [0mGET /questionnaireForDisconnectedSubjects?amazonID=INHOUSETEST3&bonus_for_waiting=3.792944717470354&totalEarningInCent=0&confirmationID=Um3_hHQPDa9nBifpAAAC&exp_condition=binary&indivOrGroup=0&completed=browserHidden&latency=-1 [32m200 [0m1.448 ms - 6863[0m
2021-06-22T12:50:26: [0mGET /stylesheets/questionnaire.css [36m304 [0m1.263 ms - -[0m
2021-06-22T12:50:26: [0mGET /stylesheets/import.css [36m304 [0m0.698 ms - -[0m
2021-06-22T12:50:26: [0mGET /javascripts/questionnaireForm.js [36m304 [0m0.268 ms - -[0m
2021-06-22T12:50:26: [0mGET /stylesheets/style.css [36m304 [0m0.250 ms - -[0m
2021-06-22T12:50:26: [0mGET /stylesheets/reset.css [36m304 [0m0.243 ms - -[0m
2021-06-22T13:01:24: Accessed by debug ID: INHOUSETEST3
2021-06-22T13:01:24: [0mGET /?amazonID=INHOUSETEST3 [36m304 [0m1.695 ms - -[0m
2021-06-22T13:01:24: Accessed by debug ID: INHOUSETEST3
2021-06-22T13:01:24: [0mGET /?amazonID=INHOUSETEST3 [36m304 [0m1.552 ms - -[0m
2021-06-22T13:01:24: [0mGET /stylesheets/import.css [36m304 [0m0.568 ms - -[0m
2021-06-22T13:01:24: [0mGET /stylesheets/confirmation.css [36m304 [0m0.755 ms - -[0m
2021-06-22T13:01:24: [0mGET /stylesheets/import.css [36m304 [0m3.401 ms - -[0m
2021-06-22T13:01:24: [0mGET /stylesheets/confirmation.css [36m304 [0m1.417 ms - -[0m
2021-06-22T13:01:24: [0mGET /stylesheets/reset.css [36m304 [0m0.985 ms - -[0m
2021-06-22T13:01:24: [0mGET /stylesheets/style.css [36m304 [0m0.721 ms - -[0m
2021-06-22T13:01:24: [0mGET /javascripts/goToExp.js [36m304 [0m3.011 ms - -[0m
2021-06-22T13:01:24: [0mGET /stylesheets/reset.css [36m304 [0m1.400 ms - -[0m
2021-06-22T13:01:24: [0mGET /stylesheets/style.css [36m304 [0m0.840 ms - -[0m
2021-06-22T13:01:24: [0mGET /assets/UniKonstanz_Logo_Optimum_sRGB.png [36m304 [0m1.184 ms - -[0m
2021-06-22T13:01:24: [0mGET /javascripts/goToExp.js [36m304 [0m1.004 ms - -[0m
2021-06-22T13:01:24: [0mGET /assets/UniKonstanz_Logo_Optimum_sRGB.png [36m304 [0m0.585 ms - -[0m
2021-06-22T13:08:17: Accessed by debug ID: INHOUSETEST3
2021-06-22T13:08:17: [0mGET /?amazonID=INHOUSETEST3 [36m304 [0m1.291 ms - -[0m
2021-06-22T13:08:17: Accessed by debug ID: INHOUSETEST3
2021-06-22T13:08:17: [0mGET /?amazonID=INHOUSETEST3 [36m304 [0m1.170 ms - -[0m
2021-06-22T13:08:17: [0mGET /stylesheets/import.css [36m304 [0m0.387 ms - -[0m
2021-06-22T13:08:18: [0mGET /stylesheets/confirmation.css [36m304 [0m0.399 ms - -[0m
2021-06-22T13:08:18: [0mGET /stylesheets/import.css [36m304 [0m0.405 ms - -[0m
2021-06-22T13:08:18: [0mGET /stylesheets/confirmation.css [36m304 [0m1.300 ms - -[0m
2021-06-22T13:08:18: [0mGET /javascripts/goToExp.js [36m304 [0m0.655 ms - -[0m
2021-06-22T13:08:18: [0mGET /stylesheets/style.css [36m304 [0m0.343 ms - -[0m
2021-06-22T13:08:18: [0mGET /stylesheets/reset.css [36m304 [0m0.410 ms - -[0m
2021-06-22T13:08:18: [0mGET /javascripts/goToExp.js [36m304 [0m0.329 ms - -[0m
2021-06-22T13:08:18: [0mGET /assets/UniKonstanz_Logo_Optimum_sRGB.png [36m304 [0m0.383 ms - -[0m
2021-06-22T13:08:18: [0mGET /stylesheets/style.css [36m304 [0m0.301 ms - -[0m
2021-06-22T13:08:18: [0mGET /stylesheets/reset.css [36m304 [0m0.368 ms - -[0m
2021-06-22T13:08:18: [0mGET /assets/UniKonstanz_Logo_Optimum_sRGB.png [36m304 [0m0.349 ms - -[0m
2021-06-22T15:28:30: [0mGET / [36m302 [0m1.024 ms - 46[0m
2021-06-22T21:58:04: [0mGET / [36m302 [0m0.912 ms - 92[0m
2021-06-22T23:40:47: [0mGET / [36m302 [0m0.832 ms - 92[0m
2021-06-23T01:39:40: [0mGET / [36m302 [0m1.142 ms - 46[0m
2021-06-23T01:48:09: [0mGET / [36m302 [0m0.653 ms - 46[0m
2021-06-23T03:48:23: Accessed by debug ID: INHOUSETEST3
2021-06-23T03:48:23: [0mGET /?amazonID=INHOUSETEST3 [36m304 [0m2.819 ms - -[0m
2021-06-23T03:48:23: Accessed by debug ID: INHOUSETEST3
2021-06-23T03:48:23: [0mGET /?amazonID=INHOUSETEST3 [36m304 [0m1.556 ms - -[0m
2021-06-23T03:48:24: [0mGET /stylesheets/import.css [36m304 [0m0.647 ms - -[0m
2021-06-23T03:48:24: [0mGET /stylesheets/confirmation.css [36m304 [0m0.503 ms - -[0m
2021-06-23T03:48:24: [0mGET /stylesheets/import.css [36m304 [0m0.896 ms - -[0m
2021-06-23T03:48:24: [0mGET /stylesheets/reset.css [36m304 [0m2.251 ms - -[0m
2021-06-23T03:48:24: [0mGET /javascripts/goToExp.js [36m304 [0m2.044 ms - -[0m
2021-06-23T03:48:24: [0mGET /stylesheets/confirmation.css [36m304 [0m1.778 ms - -[0m
2021-06-23T03:48:24: [0mGET /stylesheets/style.css [36m304 [0m0.576 ms - -[0m
2021-06-23T03:48:24: [0mGET /javascripts/goToExp.js [36m304 [0m0.652 ms - -[0m
2021-06-23T03:48:24: [0mGET /stylesheets/reset.css [36m304 [0m0.604 ms - -[0m
2021-06-23T03:48:24: [0mGET /assets/UniKonstanz_Logo_Optimum_sRGB.png [36m304 [0m1.431 ms - -[0m
2021-06-23T03:48:24: [0mGET /stylesheets/style.css [36m304 [0m1.123 ms - -[0m
2021-06-23T03:48:24: [0mGET /assets/UniKonstanz_Logo_Optimum_sRGB.png [36m304 [0m1.708 ms - -[0m
2021-06-23T03:54:22: Accessed by debug ID: INHOUSETEST3
2021-06-23T03:54:22: [0mGET /?amazonID=INHOUSETEST3 [36m304 [0m2.844 ms - -[0m
2021-06-23T03:54:22: [0mGET /stylesheets/import.css [36m304 [0m1.769 ms - -[0m
2021-06-23T03:54:22: [0mGET /stylesheets/confirmation.css [36m304 [0m1.530 ms - -[0m
2021-06-23T03:54:22: [0mGET /javascripts/goToExp.js [36m304 [0m1.191 ms - -[0m
2021-06-23T03:54:22: [0mGET /stylesheets/reset.css [36m304 [0m1.063 ms - -[0m
2021-06-23T03:54:22: [0mGET /stylesheets/style.css [36m304 [0m0.690 ms - -[0m
2021-06-23T03:54:22: [0mGET /assets/UniKonstanz_Logo_Optimum_sRGB.png [36m304 [0m0.865 ms - -[0m
2021-06-23T03:55:51: Accessed by debug ID: INHOUSETEST3
2021-06-23T03:55:51: [0mGET /?amazonID=INHOUSETEST3 [36m304 [0m1.853 ms - -[0m
2021-06-23T03:55:52: [0mGET /stylesheets/import.css [36m304 [0m0.461 ms - -[0m
2021-06-23T03:55:52: [0mGET /stylesheets/confirmation.css [36m304 [0m0.514 ms - -[0m
2021-06-23T03:55:52: [0mGET /stylesheets/reset.css [36m304 [0m0.634 ms - -[0m
2021-06-23T03:55:52: [0mGET /javascripts/goToExp.js [36m304 [0m0.585 ms - -[0m
2021-06-23T03:55:52: [0mGET /stylesheets/style.css [36m304 [0m0.649 ms - -[0m
2021-06-23T03:55:52: [0mGET /assets/UniKonstanz_Logo_Optimum_sRGB.png [36m304 [0m0.659 ms - -[0m
2021-06-23T03:56:05: Accessed by debug ID: INHOUSETEST3
2021-06-23T03:56:05: [0mGET /?amazonID=INHOUSETEST3 [36m304 [0m2.150 ms - -[0m
2021-06-23T03:56:05: Accessed by debug ID: INHOUSETEST3
2021-06-23T03:56:05: [0mGET /?amazonID=INHOUSETEST3 [32m200 [0m2.775 ms - 12890[0m
2021-06-23T03:56:06: [0mGET /stylesheets/import.css [36m304 [0m1.007 ms - -[0m
2021-06-23T03:56:06: [0mGET /stylesheets/confirmation.css [36m304 [0m0.715 ms - -[0m
2021-06-23T03:56:06: [0mGET /stylesheets/reset.css [36m304 [0m1.641 ms - -[0m
2021-06-23T03:56:06: [0mGET /javascripts/goToExp.js [36m304 [0m1.402 ms - -[0m
2021-06-23T03:56:06: [0mGET /stylesheets/style.css [36m304 [0m0.634 ms - -[0m
2021-06-23T03:56:06: [0mGET /assets/UniKonstanz_Logo_Optimum_sRGB.png [36m304 [0m0.769 ms - -[0m
2021-06-23T03:56:08: Accessed by debug ID: INHOUSETEST3
2021-06-23T03:56:08: [0mGET /?amazonID=INHOUSETEST3 [36m304 [0m2.045 ms - -[0m
2021-06-23T03:56:08: [0mGET /stylesheets/confirmation.css [36m304 [0m2.965 ms - -[0m
2021-06-23T03:56:08: [0mGET /stylesheets/import.css [36m304 [0m1.523 ms - -[0m
2021-06-23T03:56:08: [0mGET /stylesheets/style.css [36m304 [0m0.648 ms - -[0m
2021-06-23T03:56:08: [0mGET /stylesheets/reset.css [36m304 [0m1.566 ms - -[0m
2021-06-23T03:56:08: [0mGET /javascripts/goToExp.js [36m304 [0m1.310 ms - -[0m
2021-06-23T03:56:08: [0mGET /assets/UniKonstanz_Logo_Optimum_sRGB.png [36m304 [0m0.633 ms - -[0m
2021-06-23T03:57:26: Accessed by debug ID: INHOUSETEST3
2021-06-23T03:57:26: [0mGET /?amazonID=INHOUSETEST3 [36m304 [0m1.532 ms - -[0m
2021-06-23T03:57:26: [0mGET /stylesheets/import.css [36m304 [0m0.825 ms - -[0m
2021-06-23T03:57:26: [0mGET /stylesheets/confirmation.css [36m304 [0m0.677 ms - -[0m
2021-06-23T03:57:26: [0mGET /stylesheets/reset.css [36m304 [0m0.674 ms - -[0m
2021-06-23T03:57:26: [0mGET /stylesheets/style.css [36m304 [0m1.236 ms - -[0m
2021-06-23T03:57:26: [0mGET /javascripts/goToExp.js [36m304 [0m1.187 ms - -[0m
2021-06-23T03:57:27: [0mGET /assets/UniKonstanz_Logo_Optimum_sRGB.png [36m304 [0m0.510 ms - -[0m
2021-06-23T03:57:43: Accessed by debug ID: INHOUSETEST3
2021-06-23T03:57:43: [0mGET /?amazonID=INHOUSETEST3 [36m304 [0m1.346 ms - -[0m
2021-06-23T03:57:43: [0mGET /stylesheets/import.css [36m304 [0m0.519 ms - -[0m
2021-06-23T03:57:43: [0mGET /stylesheets/confirmation.css [36m304 [0m2.084 ms - -[0m
2021-06-23T03:57:43: [0mGET /javascripts/goToExp.js [36m304 [0m0.627 ms - -[0m
2021-06-23T03:57:43: [0mGET /stylesheets/reset.css [36m304 [0m0.866 ms - -[0m
2021-06-23T03:57:43: [0mGET /stylesheets/style.css [36m304 [0m0.542 ms - -[0m
2021-06-23T03:57:43: [0mGET /assets/UniKonstanz_Logo_Optimum_sRGB.png [36m304 [0m0.818 ms - -[0m
2021-06-23T04:02:20: Accessed by debug ID: INHOUSETEST3
2021-06-23T04:02:20: [0mGET /?amazonID=INHOUSETEST3 [36m304 [0m2.906 ms - -[0m
2021-06-23T04:02:20: [0mGET /stylesheets/import.css [36m304 [0m0.731 ms - -[0m
2021-06-23T04:02:20: [0mGET /stylesheets/confirmation.css [36m304 [0m0.675 ms - -[0m
2021-06-23T04:02:21: [0mGET /javascripts/goToExp.js [36m304 [0m1.347 ms - -[0m
2021-06-23T04:02:21: [0mGET /stylesheets/reset.css [36m304 [0m0.623 ms - -[0m
2021-06-23T04:02:21: [0mGET /stylesheets/style.css [36m304 [0m0.878 ms - -[0m
2021-06-23T04:02:21: [0mGET /assets/UniKonstanz_Logo_Optimum_sRGB.png [36m304 [0m0.666 ms - -[0m
2021-06-23T04:08:35: Accessed by debug ID: INHOUSETEST3
2021-06-23T04:08:35: [0mGET /?amazonID=INHOUSETEST3 [36m304 [0m1.732 ms - -[0m
2021-06-23T04:08:36: [0mGET /stylesheets/import.css [36m304 [0m0.472 ms - -[0m
2021-06-23T04:08:36: [0mGET /stylesheets/confirmation.css [36m304 [0m0.468 ms - -[0m
2021-06-23T04:08:36: [0mGET /javascripts/goToExp.js [36m304 [0m0.642 ms - -[0m
2021-06-23T04:08:36: [0mGET /stylesheets/reset.css [36m304 [0m0.559 ms - -[0m
2021-06-23T04:08:36: [0mGET /stylesheets/style.css [36m304 [0m1.454 ms - -[0m
2021-06-23T04:08:36: [0mGET /assets/UniKonstanz_Logo_Optimum_sRGB.png [36m304 [0m1.274 ms - -[0m
2021-06-23T04:08:57: Accessed by debug ID: INHOUSETEST3
2021-06-23T04:08:57: [0mGET /?amazonID=INHOUSETEST3 [36m304 [0m2.289 ms - -[0m
2021-06-23T04:08:57: [0mGET /stylesheets/import.css [36m304 [0m0.792 ms - -[0m
2021-06-23T04:08:57: [0mGET /stylesheets/confirmation.css [36m304 [0m0.841 ms - -[0m
2021-06-23T04:08:57: [0mGET /javascripts/goToExp.js [36m304 [0m1.899 ms - -[0m
2021-06-23T04:08:57: [0mGET /stylesheets/style.css [36m304 [0m0.819 ms - -[0m
2021-06-23T04:08:57: [0mGET /stylesheets/reset.css [36m304 [0m0.689 ms - -[0m
2021-06-23T04:08:57: [0mGET /assets/UniKonstanz_Logo_Optimum_sRGB.png [36m304 [0m0.642 ms - -[0m
2021-06-23T04:09:10: Accessed by debug ID: INHOUSETEST3
2021-06-23T04:09:10: [0mGET /?amazonID=INHOUSETEST3 [36m304 [0m1.659 ms - -[0m
2021-06-23T04:09:10: [0mGET /stylesheets/confirmation.css [36m304 [0m1.255 ms - -[0m
2021-06-23T04:09:10: [0mGET /stylesheets/import.css [36m304 [0m1.001 ms - -[0m
2021-06-23T04:09:10: [0mGET /stylesheets/reset.css [36m304 [0m1.515 ms - -[0m
2021-06-23T04:09:10: [0mGET /javascripts/goToExp.js [36m304 [0m1.301 ms - -[0m
2021-06-23T04:09:10: [0mGET /stylesheets/style.css [36m304 [0m0.693 ms - -[0m
2021-06-23T04:09:10: [0mGET /assets/UniKonstanz_Logo_Optimum_sRGB.png [36m304 [0m0.512 ms - -[0m
2021-06-23T04:10:05: Accessed by debug ID: INHOUSETEST3
2021-06-23T04:10:05: [0mGET /?amazonID=INHOUSETEST3 [36m304 [0m2.170 ms - -[0m
2021-06-23T04:10:05: [0mGET /stylesheets/import.css [36m304 [0m0.678 ms - -[0m
2021-06-23T04:10:05: [0mGET /stylesheets/confirmation.css [36m304 [0m0.677 ms - -[0m
2021-06-23T04:10:05: [0mGET /javascripts/goToExp.js [36m304 [0m1.016 ms - -[0m
2021-06-23T04:10:05: [0mGET /stylesheets/reset.css [36m304 [0m0.599 ms - -[0m
2021-06-23T04:10:05: [0mGET /stylesheets/style.css [36m304 [0m0.838 ms - -[0m
2021-06-23T04:10:05: [0mGET /assets/UniKonstanz_Logo_Optimum_sRGB.png [36m304 [0m0.571 ms - -[0m
2021-06-23T04:13:36: Accessed by debug ID: INHOUSETEST3
2021-06-23T04:13:36: [0mGET /?amazonID=INHOUSETEST3 [32m200 [0m1.579 ms - 12890[0m
2021-06-23T04:13:37: [0mGET /stylesheets/import.css [36m304 [0m0.612 ms - -[0m
2021-06-23T04:13:37: [0mGET /stylesheets/confirmation.css [36m304 [0m0.834 ms - -[0m
2021-06-23T04:13:37: [0mGET /stylesheets/reset.css [36m304 [0m0.817 ms - -[0m
2021-06-23T04:13:37: [0mGET /javascripts/goToExp.js [36m304 [0m0.510 ms - -[0m
2021-06-23T04:13:37: [0mGET /stylesheets/style.css [36m304 [0m0.751 ms - -[0m
2021-06-23T04:13:37: [0mGET /assets/UniKonstanz_Logo_Optimum_sRGB.png [36m304 [0m0.573 ms - -[0m
2021-06-23T04:15:43: [0mGET /questionnaireForDisconnectedSubjects?amazonID=INHOUSETEST3&bonus_for_waiting=5.467976073256335&totalEarningInCent=0&confirmationID=UX27xkGzv05--OSrAAAZ&exp_condition=binary&indivOrGroup=1&completed=browserHidden&latency=-1 [32m200 [0m1.925 ms - 6863[0m
2021-06-23T04:15:43: [0mGET /stylesheets/import.css [36m304 [0m0.637 ms - -[0m
2021-06-23T04:15:43: [0mGET /stylesheets/questionnaire.css [36m304 [0m0.495 ms - -[0m
2021-06-23T04:15:43: [0mGET /javascripts/questionnaireForm.js [36m304 [0m0.592 ms - -[0m
2021-06-23T04:15:43: [0mGET /stylesheets/reset.css [36m304 [0m0.579 ms - -[0m
2021-06-23T04:15:43: [0mGET /stylesheets/style.css [36m304 [0m0.626 ms - -[0m
2021-06-23T04:34:58: [0mPOST /_ignition/execute-solution [33m404 [0m2.337 ms - 1204[0m
2021-06-23T04:36:15: Accessed by debug ID: INHOUSETEST3
2021-06-23T04:36:15: [0mGET /?amazonID=INHOUSETEST3 [36m304 [0m1.791 ms - -[0m
2021-06-23T04:36:16: [0mGET /stylesheets/confirmation.css [36m304 [0m0.664 ms - -[0m
2021-06-23T04:36:17: [0mGET /stylesheets/import.css [36m304 [0m0.615 ms - -[0m
2021-06-23T04:36:17: [0mGET /javascripts/goToExp.js [36m304 [0m0.761 ms - -[0m
2021-06-23T04:36:17: [0mGET /stylesheets/reset.css [36m304 [0m0.490 ms - -[0m
2021-06-23T04:36:17: [0mGET /assets/UniKonstanz_Logo_Optimum_sRGB.png [36m304 [0m0.557 ms - -[0m
2021-06-23T04:36:17: [0mGET /stylesheets/style.css [36m304 [0m0.794 ms - -[0m
2021-06-23T04:43:36: Accessed by debug ID: INHOUSETEST3
2021-06-23T04:43:36: [0mGET /?amazonID=INHOUSETEST3 [36m304 [0m1.570 ms - -[0m
2021-06-23T04:43:37: [0mGET /stylesheets/import.css [36m304 [0m0.767 ms - -[0m
2021-06-23T04:43:37: [0mGET /stylesheets/confirmation.css [36m304 [0m0.617 ms - -[0m
2021-06-23T04:43:37: [0mGET /javascripts/goToExp.js [36m304 [0m0.759 ms - -[0m
2021-06-23T04:43:37: [0mGET /stylesheets/reset.css [36m304 [0m0.816 ms - -[0m
2021-06-23T04:43:37: [0mGET /stylesheets/style.css [36m304 [0m1.759 ms - -[0m
2021-06-23T04:43:37: [0mGET /assets/UniKonstanz_Logo_Optimum_sRGB.png [36m304 [0m1.501 ms - -[0m
2021-06-23T04:45:14: Accessed by debug ID: INHOUSETEST3
2021-06-23T04:45:14: [0mGET /?amazonID=INHOUSETEST3 [36m304 [0m1.818 ms - -[0m
2021-06-23T04:45:14: [0mGET /stylesheets/import.css [36m304 [0m1.363 ms - -[0m
2021-06-23T04:45:14: [0mGET /stylesheets/confirmation.css [36m304 [0m1.048 ms - -[0m
2021-06-23T04:45:14: [0mGET /stylesheets/reset.css [36m304 [0m1.388 ms - -[0m
2021-06-23T04:45:14: [0mGET /javascripts/goToExp.js [36m304 [0m1.149 ms - -[0m
2021-06-23T04:45:14: [0mGET /assets/UniKonstanz_Logo_Optimum_sRGB.png [36m304 [0m1.122 ms - -[0m
2021-06-23T04:45:14: [0mGET /stylesheets/style.css [36m304 [0m1.003 ms - -[0m
2021-06-23T04:48:02: [0mGET /questionnaireForDisconnectedSubjects?amazonID=INHOUSETEST3&bonus_for_waiting=4.287165595650597&totalEarningInCent=0&confirmationID=rBq-0N0w5GianfeCAAAE&exp_condition=binary&indivOrGroup=1&completed=browserHidden&latency=-1 [32m200 [0m2.377 ms - 6863[0m
2021-06-23T04:48:02: [0mGET /stylesheets/questionnaire.css [36m304 [0m2.185 ms - -[0m
2021-06-23T04:48:02: [0mGET /stylesheets/import.css [36m304 [0m1.346 ms - -[0m
2021-06-23T04:48:02: [0mGET /stylesheets/reset.css [36m304 [0m4.390 ms - -[0m
2021-06-23T04:48:02: [0mGET /javascripts/questionnaireForm.js [36m304 [0m2.521 ms - -[0m
2021-06-23T04:48:02: [0mGET /stylesheets/style.css [36m304 [0m2.260 ms - -[0m
2021-06-23T04:49:58: Accessed by debug ID: INHOUSETEST3
2021-06-23T04:49:58: [0mGET /?amazonID=INHOUSETEST3 [36m304 [0m1.844 ms - -[0m
2021-06-23T04:49:58: [0mGET /stylesheets/import.css [36m304 [0m0.959 ms - -[0m
2021-06-23T04:49:58: [0mGET /stylesheets/confirmation.css [36m304 [0m0.779 ms - -[0m
2021-06-23T04:49:58: [0mGET /javascripts/goToExp.js [36m304 [0m0.471 ms - -[0m
2021-06-23T04:49:58: [0mGET /stylesheets/reset.css [36m304 [0m1.891 ms - -[0m
2021-06-23T04:49:58: [0mGET /stylesheets/style.css [36m304 [0m2.063 ms - -[0m
2021-06-23T04:49:58: [0mGET /assets/UniKonstanz_Logo_Optimum_sRGB.png [36m304 [0m0.507 ms - -[0m
2021-06-23T04:53:28: [0mGET /questionnaireForDisconnectedSubjects?amazonID=INHOUSETEST3&bonus_for_waiting=4.232986773888868&totalEarningInCent=0&confirmationID=Xgog2lsJwm8V296EAAAG&exp_condition=binary&indivOrGroup=1&completed=browserHidden&latency=-1 [32m200 [0m2.468 ms - 6863[0m
2021-06-23T04:53:28: [0mGET /stylesheets/import.css [36m304 [0m0.552 ms - -[0m
2021-06-23T04:53:28: [0mGET /stylesheets/questionnaire.css [36m304 [0m0.554 ms - -[0m
2021-06-23T04:53:28: [0mGET /javascripts/questionnaireForm.js [36m304 [0m0.584 ms - -[0m
2021-06-23T04:53:28: [0mGET /stylesheets/reset.css [36m304 [0m0.755 ms - -[0m
2021-06-23T04:53:28: [0mGET /stylesheets/style.css [36m304 [0m0.767 ms - -[0m
2021-06-23T04:55:33: Accessed by debug ID: INHOUSETEST3
2021-06-23T04:55:33: [0mGET /?amazonID=INHOUSETEST3 [36m304 [0m1.375 ms - -[0m
2021-06-23T04:55:33: [0mGET /stylesheets/import.css [36m304 [0m0.592 ms - -[0m
2021-06-23T04:55:33: [0mGET /stylesheets/confirmation.css [36m304 [0m1.643 ms - -[0m
2021-06-23T04:55:33: [0mGET /javascripts/goToExp.js [36m304 [0m0.704 ms - -[0m
2021-06-23T04:55:33: [0mGET /stylesheets/reset.css [36m304 [0m1.598 ms - -[0m
2021-06-23T04:55:33: [0mGET /stylesheets/style.css [36m304 [0m1.382 ms - -[0m
2021-06-23T04:55:34: [0mGET /assets/UniKonstanz_Logo_Optimum_sRGB.png [36m304 [0m0.672 ms - -[0m
2021-06-23T05:01:45: [0mGET /questionnaireForDisconnectedSubjects?amazonID=INHOUSETEST3&bonus_for_waiting=3.2861629366854577&totalEarningInCent=0&confirmationID=zgm1t4V0uShjA9oiAAAB&exp_condition=binary&indivOrGroup=1&completed=browserHidden&latency=-1 [32m200 [0m1.667 ms - 6864[0m
2021-06-23T05:01:45: [0mGET /stylesheets/questionnaire.css [36m304 [0m1.533 ms - -[0m
2021-06-23T05:01:45: [0mGET /stylesheets/import.css [36m304 [0m1.315 ms - -[0m
2021-06-23T05:01:45: [0mGET /javascripts/questionnaireForm.js [36m304 [0m0.512 ms - -[0m
2021-06-23T05:01:46: [0mGET /stylesheets/style.css [36m304 [0m1.482 ms - -[0m
2021-06-23T05:01:46: [0mGET /stylesheets/reset.css [36m304 [0m1.298 ms - -[0m
2021-06-23T05:03:44: Accessed by debug ID: INHOUSETEST3
2021-06-23T05:03:44: [0mGET /?amazonID=INHOUSETEST3 [36m304 [0m2.025 ms - -[0m
2021-06-23T05:03:44: [0mGET /stylesheets/import.css [36m304 [0m0.931 ms - -[0m
2021-06-23T05:03:44: [0mGET /stylesheets/confirmation.css [36m304 [0m0.673 ms - -[0m
2021-06-23T05:03:44: [0mGET /stylesheets/style.css [36m304 [0m1.864 ms - -[0m
2021-06-23T05:03:44: [0mGET /stylesheets/reset.css [36m304 [0m1.808 ms - -[0m
2021-06-23T05:03:44: [0mGET /javascripts/goToExp.js [36m304 [0m1.714 ms - -[0m
2021-06-23T05:03:44: [0mGET /assets/UniKonstanz_Logo_Optimum_sRGB.png [36m304 [0m0.638 ms - -[0m
2021-06-23T05:09:40: [0mGET /questionnaireForDisconnectedSubjects?amazonID=INHOUSETEST3&bonus_for_waiting=3.690810265715463&totalEarningInCent=0&confirmationID=Cr27lfoftPPG7hmbAAAD&exp_condition=binary&indivOrGroup=1&completed=browserHidden&latency=-1 [32m200 [0m1.965 ms - 6863[0m
2021-06-23T05:09:40: [0mGET /stylesheets/import.css [36m304 [0m0.659 ms - -[0m
2021-06-23T05:09:40: [0mGET /stylesheets/questionnaire.css [36m304 [0m0.649 ms - -[0m
2021-06-23T05:09:40: [0mGET /javascripts/questionnaireForm.js [36m304 [0m1.069 ms - -[0m
2021-06-23T05:09:40: [0mGET /stylesheets/reset.css [36m304 [0m1.107 ms - -[0m
2021-06-23T05:09:40: [0mGET /stylesheets/style.css [36m304 [0m1.022 ms - -[0m
2021-06-23T05:11:02: Accessed by debug ID: INHOUSETEST3
2021-06-23T05:11:02: [0mGET /?amazonID=INHOUSETEST3 [36m304 [0m2.157 ms - -[0m
2021-06-23T05:11:02: [0mGET /stylesheets/import.css [36m304 [0m0.630 ms - -[0m
2021-06-23T05:11:02: [0mGET /stylesheets/confirmation.css [36m304 [0m0.711 ms - -[0m
2021-06-23T05:11:02: [0mGET /javascripts/goToExp.js [36m304 [0m0.580 ms - -[0m
2021-06-23T05:11:02: [0mGET /stylesheets/reset.css [36m304 [0m0.640 ms - -[0m
2021-06-23T05:11:03: [0mGET /stylesheets/style.css [36m304 [0m1.018 ms - -[0m
2021-06-23T05:11:03: [0mGET /assets/UniKonstanz_Logo_Optimum_sRGB.png [36m304 [0m0.461 ms - -[0m
2021-06-23T05:11:37: Accessed by debug ID: INHOUSETEST3
2021-06-23T05:11:37: [0mGET /?amazonID=INHOUSETEST3 [36m304 [0m2.040 ms - -[0m
2021-06-23T05:11:37: [0mGET /stylesheets/import.css [36m304 [0m0.638 ms - -[0m
2021-06-23T05:11:37: [0mGET /stylesheets/confirmation.css [36m304 [0m0.719 ms - -[0m
2021-06-23T05:11:37: [0mGET /stylesheets/reset.css [36m304 [0m2.260 ms - -[0m
2021-06-23T05:11:37: [0mGET /stylesheets/style.css [36m304 [0m0.978 ms - -[0m
2021-06-23T05:11:37: [0mGET /javascripts/goToExp.js [36m304 [0m0.537 ms - -[0m
2021-06-23T05:11:37: [0mGET /assets/UniKonstanz_Logo_Optimum_sRGB.png [36m304 [0m0.614 ms - -[0m
2021-06-23T05:16:21: Accessed by debug ID: INHOUSETEST3
2021-06-23T05:16:21: [0mGET /?amazonID=INHOUSETEST3 [36m304 [0m1.566 ms - -[0m
2021-06-23T05:16:21: [0mGET /stylesheets/import.css [36m304 [0m0.604 ms - -[0m
2021-06-23T05:16:21: [0mGET /stylesheets/confirmation.css [36m304 [0m0.695 ms - -[0m
2021-06-23T05:16:21: [0mGET /stylesheets/style.css [36m304 [0m1.255 ms - -[0m
2021-06-23T05:16:21: [0mGET /javascripts/goToExp.js [36m304 [0m1.031 ms - -[0m
2021-06-23T05:16:21: [0mGET /stylesheets/reset.css [36m304 [0m0.628 ms - -[0m
2021-06-23T05:16:21: [0mGET /assets/UniKonstanz_Logo_Optimum_sRGB.png [36m304 [0m0.738 ms - -[0m
2021-06-23T05:17:14: [0mGET /questionnaireForDisconnectedSubjects?amazonID=INHOUSETEST3&bonus_for_waiting=2.3379302196286202&totalEarningInCent=4&confirmationID=VpU9Ta181NHbRV5UAAAE&exp_condition=binary&indivOrGroup=1&completed=browserHidden&latency=-1 [32m200 [0m1.591 ms - 6864[0m
2021-06-23T05:17:15: [0mGET /stylesheets/import.css [36m304 [0m1.327 ms - -[0m
2021-06-23T05:17:15: [0mGET /stylesheets/questionnaire.css [36m304 [0m1.125 ms - -[0m
2021-06-23T05:17:15: [0mGET /javascripts/questionnaireForm.js [36m304 [0m0.632 ms - -[0m
2021-06-23T05:17:15: [0mGET /stylesheets/style.css [36m304 [0m0.891 ms - -[0m
2021-06-23T05:17:15: [0mGET /stylesheets/reset.css [36m304 [0m0.803 ms - -[0m
2021-06-23T05:21:43: Accessed by debug ID: INHOUSETEST3
2021-06-23T05:21:43: [0mGET /?amazonID=INHOUSETEST3 [36m304 [0m1.652 ms - -[0m
2021-06-23T05:21:43: [0mGET /stylesheets/import.css [36m304 [0m0.775 ms - -[0m
2021-06-23T05:21:43: [0mGET /stylesheets/confirmation.css [36m304 [0m0.688 ms - -[0m
2021-06-23T05:21:43: [0mGET /javascripts/goToExp.js [36m304 [0m0.717 ms - -[0m
2021-06-23T05:21:43: [0mGET /stylesheets/reset.css [36m304 [0m0.507 ms - -[0m
2021-06-23T05:21:43: [0mGET /stylesheets/style.css [36m304 [0m0.492 ms - -[0m
2021-06-23T05:21:43: [0mGET /assets/UniKonstanz_Logo_Optimum_sRGB.png [36m304 [0m0.691 ms - -[0m
2021-06-23T05:21:59: Accessed by debug ID: INHOUSETEST3
2021-06-23T05:21:59: [0mGET /?amazonID=INHOUSETEST3 [36m304 [0m2.527 ms - -[0m
2021-06-23T05:21:59: [0mGET /stylesheets/import.css [36m304 [0m0.559 ms - -[0m
2021-06-23T05:21:59: [0mGET /stylesheets/confirmation.css [36m304 [0m0.475 ms - -[0m
2021-06-23T05:21:59: [0mGET /javascripts/goToExp.js [36m304 [0m1.058 ms - -[0m
2021-06-23T05:21:59: [0mGET /stylesheets/reset.css [36m304 [0m1.044 ms - -[0m
2021-06-23T05:21:59: [0mGET /stylesheets/style.css [36m304 [0m0.795 ms - -[0m
2021-06-23T05:21:59: [0mGET /assets/UniKonstanz_Logo_Optimum_sRGB.png [36m304 [0m0.439 ms - -[0m
2021-06-23T05:30:18: [0mGET / [36m302 [0m0.954 ms - 46[0m
2021-06-23T13:38:01: [0mGET / [36m302 [0m0.998 ms - 46[0m
2021-06-23T13:38:01: [0mGET / [36m302 [0m0.856 ms - 46[0m
2021-06-23T16:31:55: [0mGET / [36m302 [0m1.001 ms - 46[0m
2021-06-24T09:29:57: Accessed by debug ID: INHOUSETEST3
2021-06-24T09:29:57: [0mGET /?amazonID=INHOUSETEST3 [36m304 [0m2.107 ms - -[0m
2021-06-24T09:29:57: [0mGET /stylesheets/import.css [36m304 [0m0.867 ms - -[0m
2021-06-24T09:29:57: [0mGET /stylesheets/confirmation.css [36m304 [0m0.625 ms - -[0m
2021-06-24T09:29:57: [0mGET /stylesheets/style.css [36m304 [0m1.240 ms - -[0m
2021-06-24T09:29:57: [0mGET /javascripts/goToExp.js [36m304 [0m1.117 ms - -[0m
2021-06-24T09:29:57: [0mGET /stylesheets/reset.css [36m304 [0m0.977 ms - -[0m
2021-06-24T09:29:57: [0mGET /assets/UniKonstanz_Logo_Optimum_sRGB.png [36m304 [0m0.457 ms - -[0m
2021-06-24T09:29:57: [0mGET /assets/favicon.ico [36m304 [0m0.488 ms - -[0m
2021-06-24T09:30:09: Accessed by debug ID: INHOUSETEST3
2021-06-24T09:30:09: [0mGET /?amazonID=INHOUSETEST3 [36m304 [0m1.709 ms - -[0m
2021-06-24T09:30:09: [0mGET /stylesheets/import.css [36m304 [0m1.013 ms - -[0m
2021-06-24T09:30:09: [0mGET /stylesheets/confirmation.css [36m304 [0m0.873 ms - -[0m
2021-06-24T09:30:09: [0mGET /javascripts/goToExp.js [36m304 [0m0.645 ms - -[0m
2021-06-24T09:30:09: [0mGET /stylesheets/reset.css [36m304 [0m0.507 ms - -[0m
2021-06-24T09:30:09: [0mGET /stylesheets/style.css [36m304 [0m1.887 ms - -[0m
2021-06-24T09:30:09: [0mGET /assets/UniKonstanz_Logo_Optimum_sRGB.png [36m304 [0m0.463 ms - -[0m
2021-06-24T09:50:06: Accessed by debug ID: INHOUSETEST3
2021-06-24T09:50:06: [0mGET /?amazonID=INHOUSETEST3 [36m304 [0m1.279 ms - -[0m
2021-06-24T09:50:06: Accessed by debug ID: INHOUSETEST3
2021-06-24T09:50:06: [0mGET /?amazonID=INHOUSETEST3 [36m304 [0m1.477 ms - -[0m
2021-06-24T09:50:06: [0mGET /stylesheets/import.css [36m304 [0m1.152 ms - -[0m
2021-06-24T09:50:06: [0mGET /stylesheets/confirmation.css [36m304 [0m0.976 ms - -[0m
2021-06-24T09:50:06: [0mGET /stylesheets/import.css [36m304 [0m0.455 ms - -[0m
2021-06-24T09:50:06: [0mGET /stylesheets/confirmation.css [36m304 [0m0.494 ms - -[0m
2021-06-24T09:50:06: [0mGET /stylesheets/reset.css [36m304 [0m0.578 ms - -[0m
2021-06-24T09:50:06: [0mGET /stylesheets/style.css [36m304 [0m0.524 ms - -[0m
2021-06-24T09:50:06: [0mGET /javascripts/goToExp.js [36m304 [0m0.665 ms - -[0m
2021-06-24T09:50:06: [0mGET /stylesheets/reset.css [36m304 [0m0.464 ms - -[0m
2021-06-24T09:50:06: [0mGET /javascripts/goToExp.js [36m304 [0m0.592 ms - -[0m
2021-06-24T09:50:06: [0mGET /assets/UniKonstanz_Logo_Optimum_sRGB.png [36m304 [0m2.259 ms - -[0m
2021-06-24T09:50:06: [0mGET /stylesheets/style.css [36m304 [0m1.505 ms - -[0m
2021-06-24T09:50:07: [0mGET /assets/UniKonstanz_Logo_Optimum_sRGB.png [36m304 [0m0.543 ms - -[0m
2021-06-24T10:15:13: [0mGET /questionnaireForDisconnectedSubjects?amazonID=INHOUSETEST3&bonus_for_waiting=2.4515270741924735&totalEarningInCent=0&confirmationID=1MKtmFXvAPAhAjJeAAAG&exp_condition=binary&indivOrGroup=1&completed=0&latency=-1 [32m200 [0m2.311 ms - 6852[0m
2021-06-24T10:15:13: [0mGET /questionnaireForDisconnectedSubjects?amazonID=INHOUSETEST3&bonus_for_waiting=5.575253087928834&totalEarningInCent=0&confirmationID=4R0gKZdA12LFvNmQAAAH&exp_condition=binary&indivOrGroup=1&completed=0&latency=-1 [32m200 [0m1.439 ms - 6851[0m
2021-06-24T10:15:13: [0mGET /stylesheets/import.css [36m304 [0m1.141 ms - -[0m
2021-06-24T10:15:13: [0mGET /stylesheets/questionnaire.css [36m304 [0m1.386 ms - -[0m
2021-06-24T10:15:13: [0mGET /javascripts/questionnaireForm.js [36m304 [0m0.482 ms - -[0m
2021-06-24T10:15:13: [0mGET /stylesheets/import.css [36m304 [0m0.590 ms - -[0m
2021-06-24T10:15:13: [0mGET /stylesheets/questionnaire.css [36m304 [0m0.486 ms - -[0m
2021-06-24T10:15:13: [0mGET /javascripts/questionnaireForm.js [36m304 [0m3.288 ms - -[0m
2021-06-24T10:15:13: [0mGET /stylesheets/reset.css [36m304 [0m0.571 ms - -[0m
2021-06-24T10:15:13: [0mGET /stylesheets/style.css [36m304 [0m0.723 ms - -[0m
2021-06-24T10:15:13: [0mGET /stylesheets/style.css [36m304 [0m1.085 ms - -[0m
2021-06-24T10:15:13: [0mGET /stylesheets/reset.css [36m304 [0m0.806 ms - -[0m
2021-06-24T10:20:43: [0mGET /questionnaireForDisconnectedSubjects?amazonID=INHOUSETEST3&bonus_for_waiting=2.408707686727647&totalEarningInCent=0&confirmationID=P6TX0AlnWoy0ODO0AAAJ&exp_condition=binary&indivOrGroup=1&completed=0&latency=-1 [32m200 [0m2.273 ms - 6851[0m
2021-06-24T10:20:43: [0mGET /stylesheets/import.css [36m304 [0m0.628 ms - -[0m
2021-06-24T10:20:43: [0mGET /stylesheets/questionnaire.css [36m304 [0m0.437 ms - -[0m
2021-06-24T10:20:43: [0mGET /javascripts/questionnaireForm.js [36m304 [0m0.544 ms - -[0m
2021-06-24T10:20:43: [0mGET /stylesheets/style.css [36m304 [0m1.172 ms - -[0m
2021-06-24T10:20:43: [0mGET /stylesheets/reset.css [36m304 [0m0.810 ms - -[0m
2021-06-24T10:20:56: Accessed by debug ID: INHOUSETEST3
2021-06-24T10:20:56: [0mGET /?amazonID=INHOUSETEST3 [36m304 [0m1.705 ms - -[0m
2021-06-24T10:20:57: [0mGET /stylesheets/import.css [36m304 [0m0.946 ms - -[0m
2021-06-24T10:20:57: [0mGET /stylesheets/confirmation.css [36m304 [0m0.582 ms - -[0m
2021-06-24T10:20:57: [0mGET /javascripts/goToExp.js [36m304 [0m0.400 ms - -[0m
2021-06-24T10:20:57: [0mGET /stylesheets/reset.css [36m304 [0m0.599 ms - -[0m
2021-06-24T10:20:57: [0mGET /stylesheets/style.css [36m304 [0m0.397 ms - -[0m
2021-06-24T10:20:57: [0mGET /assets/UniKonstanz_Logo_Optimum_sRGB.png [36m304 [0m0.639 ms - -[0m
2021-06-24T10:21:00: Accessed by debug ID: INHOUSETEST3
2021-06-24T10:21:00: [0mGET /?amazonID=INHOUSETEST3 [36m304 [0m1.774 ms - -[0m
2021-06-24T10:21:00: [0mGET /stylesheets/confirmation.css [36m304 [0m0.449 ms - -[0m
2021-06-24T10:21:00: [0mGET /stylesheets/import.css [36m304 [0m0.756 ms - -[0m
2021-06-24T10:21:00: [0mGET /javascripts/goToExp.js [36m304 [0m1.608 ms - -[0m
2021-06-24T10:21:00: [0mGET /stylesheets/reset.css [36m304 [0m1.329 ms - -[0m
2021-06-24T10:21:00: [0mGET /stylesheets/style.css [36m304 [0m1.129 ms - -[0m
2021-06-24T10:21:00: [0mGET /assets/UniKonstanz_Logo_Optimum_sRGB.png [36m304 [0m1.065 ms - -[0m
2021-06-24T10:26:58: [0mGET /questionnaireForDisconnectedSubjects?amazonID=INHOUSETEST3&bonus_for_waiting=2.437876671234929&totalEarningInCent=0&confirmationID=3DDbIk8r9ifEtSLOAAAM&exp_condition=binary&indivOrGroup=1&completed=0&latency=-1 [32m200 [0m1.575 ms - 6851[0m
2021-06-24T10:26:58: [0mGET /stylesheets/import.css [36m304 [0m0.633 ms - -[0m
2021-06-24T10:26:58: [0mGET /stylesheets/questionnaire.css [36m304 [0m0.810 ms - -[0m
2021-06-24T10:26:58: [0mGET /stylesheets/reset.css [36m304 [0m0.452 ms - -[0m
2021-06-24T10:26:58: [0mGET /stylesheets/style.css [36m304 [0m1.056 ms - -[0m
2021-06-24T10:26:58: [0mGET /javascripts/questionnaireForm.js [36m304 [0m0.908 ms - -[0m
2021-06-24T10:27:11: Accessed by debug ID: INHOUSETEST3
2021-06-24T10:27:11: [0mGET /?amazonID=INHOUSETEST3 [36m304 [0m2.019 ms - -[0m
2021-06-24T10:27:11: [0mGET /stylesheets/confirmation.css [36m304 [0m0.892 ms - -[0m
2021-06-24T10:27:11: [0mGET /stylesheets/import.css [36m304 [0m0.768 ms - -[0m
2021-06-24T10:27:11: [0mGET /stylesheets/reset.css [36m304 [0m0.485 ms - -[0m
2021-06-24T10:27:11: [0mGET /stylesheets/style.css [36m304 [0m0.539 ms - -[0m
2021-06-24T10:27:11: [0mGET /javascripts/goToExp.js [36m304 [0m0.656 ms - -[0m
2021-06-24T10:27:11: [0mGET /assets/UniKonstanz_Logo_Optimum_sRGB.png [36m304 [0m0.606 ms - -[0m
2021-06-24T10:27:14: Accessed by debug ID: INHOUSETEST3
2021-06-24T10:27:14: [0mGET /?amazonID=INHOUSETEST3 [36m304 [0m2.001 ms - -[0m
2021-06-24T10:27:15: [0mGET /stylesheets/confirmation.css [36m304 [0m0.510 ms - -[0m
2021-06-24T10:27:15: [0mGET /stylesheets/import.css [36m304 [0m2.309 ms - -[0m
2021-06-24T10:27:15: [0mGET /javascripts/goToExp.js [36m304 [0m0.718 ms - -[0m
2021-06-24T10:27:15: [0mGET /stylesheets/reset.css [36m304 [0m1.074 ms - -[0m
2021-06-24T10:27:15: [0mGET /assets/UniKonstanz_Logo_Optimum_sRGB.png [36m304 [0m0.931 ms - -[0m
2021-06-24T10:27:15: [0mGET /stylesheets/style.css [36m304 [0m0.687 ms - -[0m
2021-06-24T10:33:42: Accessed by debug ID: INHOUSETEST3
2021-06-24T10:33:42: [0mGET /?amazonID=INHOUSETEST3 [36m304 [0m1.360 ms - -[0m
2021-06-24T10:33:42: Accessed by debug ID: INHOUSETEST3
2021-06-24T10:33:42: [0mGET /?amazonID=INHOUSETEST3 [36m304 [0m1.332 ms - -[0m
2021-06-24T10:33:42: [0mGET /stylesheets/confirmation.css [36m304 [0m1.224 ms - -[0m
2021-06-24T10:33:42: [0mGET /stylesheets/import.css [36m304 [0m1.072 ms - -[0m
2021-06-24T10:33:42: [0mGET /stylesheets/import.css [36m304 [0m1.346 ms - -[0m
2021-06-24T10:33:42: [0mGET /stylesheets/confirmation.css [36m304 [0m1.328 ms - -[0m
2021-06-24T10:33:42: [0mGET /javascripts/goToExp.js [36m304 [0m0.605 ms - -[0m
2021-06-24T10:33:42: [0mGET /stylesheets/reset.css [36m304 [0m1.201 ms - -[0m
2021-06-24T10:33:42: [0mGET /stylesheets/style.css [36m304 [0m0.802 ms - -[0m
2021-06-24T10:33:42: [0mGET /assets/UniKonstanz_Logo_Optimum_sRGB.png [36m304 [0m0.640 ms - -[0m
2021-06-24T10:33:42: [0mGET /javascripts/goToExp.js [36m304 [0m0.511 ms - -[0m
2021-06-24T10:33:42: [0mGET /stylesheets/reset.css [36m304 [0m1.973 ms - -[0m
2021-06-24T10:33:42: [0mGET /stylesheets/style.css [36m304 [0m0.876 ms - -[0m
2021-06-24T10:33:42: [0mGET /assets/UniKonstanz_Logo_Optimum_sRGB.png [36m304 [0m0.645 ms - -[0m
2021-06-24T10:39:19: [0mGET /questionnaireForDisconnectedSubjects?amazonID=INHOUSETEST3&bonus_for_waiting=4.585631344051148&totalEarningInCent=0&confirmationID=x8BhADxWefKCwzx7AAAP&exp_condition=binary&indivOrGroup=1&completed=0&latency=-1 [32m200 [0m1.369 ms - 6851[0m
2021-06-24T10:39:19: [0mGET /stylesheets/import.css [36m304 [0m0.542 ms - -[0m
2021-06-24T10:39:19: [0mGET /stylesheets/questionnaire.css [36m304 [0m0.552 ms - -[0m
2021-06-24T10:39:19: [0mGET /javascripts/questionnaireForm.js [36m304 [0m0.482 ms - -[0m
2021-06-24T10:39:19: [0mGET /stylesheets/reset.css [36m304 [0m0.990 ms - -[0m
2021-06-24T10:39:19: [0mGET /stylesheets/style.css [36m304 [0m1.361 ms - -[0m
2021-06-24T10:39:21: Accessed by debug ID: INHOUSETEST3
2021-06-24T10:39:21: [0mGET /?amazonID=INHOUSETEST3 [36m304 [0m2.492 ms - -[0m
2021-06-24T10:39:22: [0mGET /stylesheets/confirmation.css [36m304 [0m1.211 ms - -[0m
2021-06-24T10:39:22: [0mGET /stylesheets/import.css [36m304 [0m1.574 ms - -[0m
2021-06-24T10:39:22: [0mGET /stylesheets/style.css [36m304 [0m1.573 ms - -[0m
2021-06-24T10:39:22: [0mGET /javascripts/goToExp.js [36m304 [0m1.417 ms - -[0m
2021-06-24T10:39:22: [0mGET /stylesheets/reset.css [36m304 [0m1.174 ms - -[0m
2021-06-24T10:39:22: [0mGET /assets/UniKonstanz_Logo_Optimum_sRGB.png [36m304 [0m1.554 ms - -[0m
2021-06-24T10:39:25: Accessed by debug ID: INHOUSETEST3
2021-06-24T10:39:25: [0mGET /?amazonID=INHOUSETEST3 [36m304 [0m4.171 ms - -[0m
2021-06-24T10:39:25: [0mGET /stylesheets/confirmation.css [36m304 [0m1.147 ms - -[0m
2021-06-24T10:39:25: [0mGET /stylesheets/import.css [36m304 [0m0.549 ms - -[0m
2021-06-24T10:39:25: [0mGET /stylesheets/reset.css [36m304 [0m0.938 ms - -[0m
2021-06-24T10:39:25: [0mGET /stylesheets/style.css [36m304 [0m0.808 ms - -[0m
2021-06-24T10:39:25: [0mGET /javascripts/goToExp.js [36m304 [0m0.966 ms - -[0m
2021-06-24T10:39:25: [0mGET /assets/UniKonstanz_Logo_Optimum_sRGB.png [36m304 [0m1.044 ms - -[0m
2021-06-24T13:43:55: [0mGET /console/login/LoginForm.jsp [33m404 [0m2.277 ms - 1204[0m
2021-06-24T13:53:23: [0mHEAD / [36m302 [0m0.429 ms - 46[0m
2021-06-24T13:53:23: [0mGET /system_api.php [33m404 [0m0.834 ms - 1204[0m
2021-06-24T13:53:23: [0mGET /c/version.js [33m404 [0m0.950 ms - 1204[0m
2021-06-24T13:53:24: [0mGET /streaming/clients_live.php [33m404 [0m0.773 ms - 1204[0m
2021-06-24T13:53:24: [0mGET /stalker_portal/c/version.js [33m404 [0m1.180 ms - 1204[0m
2021-06-24T13:53:24: [0mGET /stream/live.php [33m404 [0m0.825 ms - 1204[0m
2021-06-24T14:18:51: [0mGET / [36m302 [0m0.785 ms - 46[0m
2021-06-24T20:58:52: [0mGET / [36m302 [0m0.741 ms - 46[0m
2021-06-24T20:58:52: [0mGET / [36m302 [0m0.520 ms - 46[0m
2021-06-24T22:20:59: [0mGET / [36m302 [0m0.718 ms - 46[0m
2021-06-25T00:27:11: [0mGET / [36m302 [0m0.796 ms - 46[0m
2021-06-25T03:37:58: [0mGET / [36m302 [0m0.676 ms - 46[0m
2021-06-25T03:37:58: [0mGET / [36m302 [0m0.504 ms - 46[0m
2021-06-25T04:28:13: [0mGET /questionnaireForDisconnectedSubjects?amazonID=INHOUSETEST3&bonus_for_waiting=2.414315339944379&totalEarningInCent=0&confirmationID=gZERLzN2JnZofdU6AAAS&exp_condition=binary&indivOrGroup=1&completed=0&latency=-1 [32m200 [0m2.351 ms - 6851[0m
2021-06-25T04:28:13: [0mGET /stylesheets/import.css [36m304 [0m0.600 ms - -[0m
2021-06-25T04:28:13: [0mGET /stylesheets/questionnaire.css [36m304 [0m0.430 ms - -[0m
2021-06-25T04:28:13: [0mGET /javascripts/questionnaireForm.js [36m304 [0m0.466 ms - -[0m
2021-06-25T04:28:13: [0mGET /stylesheets/reset.css [36m304 [0m0.392 ms - -[0m
2021-06-25T04:28:13: [0mGET /stylesheets/style.css [36m304 [0m0.402 ms - -[0m
2021-06-25T04:36:33: [0mGET /stylesheets/questionnaire.css [36m304 [0m0.621 ms - -[0m
2021-06-25T04:36:33: [0mGET /javascripts/questionnaireForm.js [32m200 [0m1.919 ms - 8171[0m
2021-06-25T04:36:33: [0mGET /stylesheets/import.css [36m304 [0m0.406 ms - -[0m
2021-06-25T04:36:33: [0mGET /stylesheets/style.css [36m304 [0m0.871 ms - -[0m
2021-06-25T04:36:33: [0mGET /stylesheets/reset.css [36m304 [0m0.779 ms - -[0m
2021-06-25T04:38:46: [0mGET /questionnaireForDisconnectedSubjects?amazonID=INHOUSETEST3&bonus_for_waiting=9.223509276982364&totalEarningInCent=0&confirmationID=U_JvkFMMUdCT1TBCAAAU&exp_condition=binary&indivOrGroup=1&completed=0&latency=-1 [32m200 [0m1.918 ms - 6851[0m
2021-06-25T04:38:47: [0mGET /stylesheets/questionnaire.css [36m304 [0m1.432 ms - -[0m
2021-06-25T04:38:47: [0mGET /stylesheets/import.css [36m304 [0m1.248 ms - -[0m
2021-06-25T04:38:47: [0mGET /javascripts/questionnaireForm.js [36m304 [0m0.396 ms - -[0m
2021-06-25T04:38:47: [0mGET /stylesheets/reset.css [36m304 [0m0.461 ms - -[0m
2021-06-25T04:38:47: [0mGET /stylesheets/style.css [36m304 [0m0.615 ms - -[0m
2021-06-25T04:39:00: [0mGET /questionnaireForDisconnectedSubjects?amazonID=INHOUSETEST3&bonus_for_waiting=2.4669212129183182&totalEarningInCent=1&confirmationID=z0-0NHSjIFFDA0CDAAAT&exp_condition=binary&indivOrGroup=1&completed=0&latency=-1 [32m200 [0m1.661 ms - 6852[0m
2021-06-25T04:39:00: [0mGET /stylesheets/import.css [36m304 [0m0.503 ms - -[0m
2021-06-25T04:39:00: [0mGET /stylesheets/questionnaire.css [36m304 [0m0.444 ms - -[0m
2021-06-25T04:39:00: [0mGET /javascripts/questionnaireForm.js [36m304 [0m0.582 ms - -[0m
2021-06-25T04:39:00: [0mGET /stylesheets/reset.css [36m304 [0m0.563 ms - -[0m
2021-06-25T04:39:00: [0mGET /stylesheets/style.css [36m304 [0m0.481 ms - -[0m
2021-06-25T04:42:59: [0mGET /questionnaireForDisconnectedSubjects?amazonID=INHOUSETEST3&bonus_for_waiting=4.017557534704175&totalEarningInCent=1&confirmationID=EjAENzY-0R6AdOCzAAAW&exp_condition=binary&indivOrGroup=1&completed=%22no_response%22&latency=-1 [32m200 [0m1.320 ms - 6865[0m
2021-06-25T04:42:59: [0mGET /stylesheets/import.css [36m304 [0m2.296 ms - -[0m
2021-06-25T04:42:59: [0mGET /stylesheets/questionnaire.css [36m304 [0m1.340 ms - -[0m
2021-06-25T04:42:59: [0mGET /stylesheets/style.css [36m304 [0m0.554 ms - -[0m
2021-06-25T04:42:59: [0mGET /javascripts/questionnaireForm.js [36m304 [0m0.417 ms - -[0m
2021-06-25T04:42:59: [0mGET /stylesheets/reset.css [36m304 [0m0.293 ms - -[0m
2021-06-25T04:43:32: Accessed by debug ID: INHOUSETEST3
2021-06-25T04:43:32: [0mGET /?amazonID=INHOUSETEST3 [36m304 [0m1.571 ms - -[0m
2021-06-25T04:43:32: [0mGET /stylesheets/import.css [36m304 [0m0.586 ms - -[0m
2021-06-25T04:43:32: [0mGET /stylesheets/confirmation.css [36m304 [0m0.383 ms - -[0m
2021-06-25T04:43:32: [0mGET /stylesheets/reset.css [36m304 [0m0.437 ms - -[0m
2021-06-25T04:43:32: [0mGET /stylesheets/style.css [36m304 [0m0.379 ms - -[0m
2021-06-25T04:43:32: [0mGET /javascripts/goToExp.js [36m304 [0m2.521 ms - -[0m
2021-06-25T04:43:32: [0mGET /assets/UniKonstanz_Logo_Optimum_sRGB.png [36m304 [0m0.362 ms - -[0m
2021-06-25T04:46:18: [0mGET /questionnaireForDisconnectedSubjects?amazonID=INHOUSETEST3&bonus_for_waiting=4.49686033915917&totalEarningInCent=3&confirmationID=8RE_z8UDxf6dDLMDAAAY&exp_condition=binary&indivOrGroup=1&completed=no_response&latency=-1 [32m200 [0m1.327 ms - 6860[0m
2021-06-25T04:46:18: [0mGET /stylesheets/import.css [36m304 [0m0.427 ms - -[0m
2021-06-25T04:46:18: [0mGET /stylesheets/questionnaire.css [36m304 [0m0.406 ms - -[0m
2021-06-25T04:46:18: [0mGET /javascripts/questionnaireForm.js [36m304 [0m0.924 ms - -[0m
2021-06-25T04:46:18: [0mGET /stylesheets/reset.css [36m304 [0m0.740 ms - -[0m
2021-06-25T04:46:18: [0mGET /stylesheets/style.css [36m304 [0m0.424 ms - -[0m
2021-06-25T04:47:33: totalEarning = 0
2021-06-25T04:47:33: bonus_for_waiting = 0.04
2021-06-25T04:47:33: totalPayment = 1.1
2021-06-25T04:47:33: [0mPOST /endPage [32m200 [0m5.374 ms - 6514[0m
2021-06-25T04:47:33: [0mGET /stylesheets/import.css [36m304 [0m0.627 ms - -[0m
2021-06-25T04:47:33: [0mGET /stylesheets/confirmation.css [36m304 [0m0.354 ms - -[0m
2021-06-25T04:47:33: [0mGET /stylesheets/reset.css [36m304 [0m0.363 ms - -[0m
2021-06-25T04:47:33: [0mGET /stylesheets/style.css [36m304 [0m0.360 ms - -[0m
2021-06-25T04:48:13: Accessed by debug ID: INHOUSETEST3
2021-06-25T04:48:13: [0mGET /?amazonID=INHOUSETEST3 [36m304 [0m1.885 ms - -[0m
2021-06-25T04:48:13: [0mGET /stylesheets/import.css [36m304 [0m0.860 ms - -[0m
2021-06-25T04:48:13: [0mGET /stylesheets/confirmation.css [36m304 [0m0.675 ms - -[0m
2021-06-25T04:48:13: [0mGET /javascripts/goToExp.js [36m304 [0m0.800 ms - -[0m
2021-06-25T04:48:13: [0mGET /stylesheets/reset.css [36m304 [0m0.705 ms - -[0m
2021-06-25T04:48:13: [0mGET /stylesheets/style.css [36m304 [0m0.487 ms - -[0m
2021-06-25T04:48:13: [0mGET /assets/UniKonstanz_Logo_Optimum_sRGB.png [36m304 [0m0.404 ms - -[0m
2021-06-25T04:48:37: Accessed by debug ID: INHOUSETEST3
2021-06-25T04:48:37: [0mGET /?amazonID=INHOUSETEST3 [36m304 [0m1.487 ms - -[0m
2021-06-25T04:48:38: [0mGET /stylesheets/import.css [36m304 [0m0.378 ms - -[0m
2021-06-25T04:48:38: [0mGET /stylesheets/confirmation.css [36m304 [0m0.503 ms - -[0m
2021-06-25T04:48:38: [0mGET /stylesheets/reset.css [36m304 [0m0.522 ms - -[0m
2021-06-25T04:48:38: [0mGET /stylesheets/style.css [36m304 [0m0.404 ms - -[0m
2021-06-25T04:48:38: [0mGET /javascripts/goToExp.js [36m304 [0m0.562 ms - -[0m
2021-06-25T04:48:38: [0mGET /assets/UniKonstanz_Logo_Optimum_sRGB.png [36m304 [0m0.396 ms - -[0m
2021-06-25T05:18:40: [0mGET /stylesheets/style.css [36m304 [0m1.522 ms - -[0m
2021-06-25T05:18:40: [0mGET /stylesheets/reset.css [36m304 [0m1.376 ms - -[0m
2021-06-25T05:18:40: [0mGET /stylesheets/import.css [36m304 [0m1.270 ms - -[0m
2021-06-25T05:18:40: [0mGET /stylesheets/confirmation.css [36m304 [0m1.185 ms - -[0m
2021-06-25T05:22:34: Accessed by debug ID: INHOUSETEST3
2021-06-25T05:22:34: [0mGET /?amazonID=INHOUSETEST3 [36m304 [0m1.253 ms - -[0m
2021-06-25T05:22:34: Accessed by debug ID: INHOUSETEST3
2021-06-25T05:22:34: [0mGET /?amazonID=INHOUSETEST3 [36m304 [0m1.406 ms - -[0m
2021-06-25T05:22:34: [0mGET /stylesheets/confirmation.css [36m304 [0m0.726 ms - -[0m
2021-06-25T05:22:34: [0mGET /stylesheets/import.css [36m304 [0m0.631 ms - -[0m
2021-06-25T05:22:34: [0mGET /stylesheets/import.css [36m304 [0m0.484 ms - -[0m
2021-06-25T05:22:34: [0mGET /stylesheets/confirmation.css [36m304 [0m0.355 ms - -[0m
2021-06-25T05:22:34: [0mGET /stylesheets/reset.css [36m304 [0m0.344 ms - -[0m
2021-06-25T05:22:34: [0mGET /javascripts/goToExp.js [36m304 [0m0.370 ms - -[0m
2021-06-25T05:22:34: [0mGET /assets/UniKonstanz_Logo_Optimum_sRGB.png [36m304 [0m0.392 ms - -[0m
2021-06-25T05:22:34: [0mGET /stylesheets/reset.css [36m304 [0m1.169 ms - -[0m
2021-06-25T05:22:34: [0mGET /javascripts/goToExp.js [36m304 [0m0.971 ms - -[0m
2021-06-25T05:22:34: [0mGET /stylesheets/style.css [36m304 [0m0.837 ms - -[0m
2021-06-25T05:22:35: [0mGET /stylesheets/style.css [36m304 [0m0.365 ms - -[0m
2021-06-25T05:22:35: [0mGET /assets/UniKonstanz_Logo_Optimum_sRGB.png [36m304 [0m0.403 ms - -[0m
2021-06-25T05:30:38: Accessed by debug ID: INHOUSETEST3
2021-06-25T05:30:38: [0mGET /?amazonID=INHOUSETEST3 [36m304 [0m1.249 ms - -[0m
2021-06-25T05:30:38: [0mGET /stylesheets/import.css [36m304 [0m0.609 ms - -[0m
2021-06-25T05:30:38: [0mGET /javascripts/goToExp.js [36m304 [0m0.434 ms - -[0m
2021-06-25T05:30:39: [0mGET /stylesheets/reset.css [36m304 [0m1.095 ms - -[0m
2021-06-25T05:30:39: [0mGET /stylesheets/style.css [36m304 [0m0.936 ms - -[0m
2021-06-25T05:30:39: [0mGET /assets/UniKonstanz_Logo_Optimum_sRGB.png [36m304 [0m0.454 ms - -[0m
2021-06-25T05:30:43: [0mGET /stylesheets/confirmation.css [36m304 [0m0.358 ms - -[0m
2021-06-25T05:31:19: [0mGET /questionnaireForDisconnectedSubjects?amazonID=INHOUSETEST3&bonus_for_waiting=12.318877829692411&totalEarningInCent=0&confirmationID=LLkaR_AuTqNYSFzNAAAb&exp_condition=binary&indivOrGroup=1&completed=no_response&latency=-1 [32m200 [0m1.102 ms - 6862[0m
2021-06-25T05:31:20: [0mGET /stylesheets/import.css [36m304 [0m0.479 ms - -[0m
2021-06-25T05:31:20: [0mGET /stylesheets/questionnaire.css [36m304 [0m0.491 ms - -[0m
2021-06-25T05:31:20: [0mGET /stylesheets/reset.css [36m304 [0m0.874 ms - -[0m
2021-06-25T05:31:20: [0mGET /javascripts/questionnaireForm.js [36m304 [0m0.707 ms - -[0m
2021-06-25T05:31:20: [0mGET /stylesheets/style.css [36m304 [0m0.436 ms - -[0m
2021-06-25T05:31:37: totalEarning = 0
2021-06-25T05:31:37: bonus_for_waiting = 0.12
2021-06-25T05:31:37: totalPayment = 1.1
2021-06-25T05:31:37: [0mPOST /endPage [32m200 [0m1.864 ms - 6469[0m
2021-06-25T05:31:37: [0mGET /stylesheets/import.css [36m304 [0m0.375 ms - -[0m
2021-06-25T05:31:37: [0mGET /stylesheets/confirmation.css [36m304 [0m0.529 ms - -[0m
2021-06-25T05:31:37: [0mGET /stylesheets/reset.css [36m304 [0m0.401 ms - -[0m
2021-06-25T05:31:37: [0mGET /stylesheets/style.css [36m304 [0m0.436 ms - -[0m
2021-06-25T05:31:48: Accessed by debug ID: INHOUSETEST3
2021-06-25T05:31:48: [0mGET /?amazonID=INHOUSETEST3 [36m304 [0m1.299 ms - -[0m
2021-06-25T05:31:48: [0mGET /stylesheets/import.css [36m304 [0m0.401 ms - -[0m
2021-06-25T05:31:48: [0mGET /stylesheets/confirmation.css [36m304 [0m0.353 ms - -[0m
2021-06-25T05:31:48: [0mGET /stylesheets/reset.css [36m304 [0m1.471 ms - -[0m
2021-06-25T05:31:48: [0mGET /javascripts/goToExp.js [36m304 [0m1.066 ms - -[0m
2021-06-25T05:31:48: [0mGET /stylesheets/style.css [36m304 [0m0.939 ms - -[0m
2021-06-25T05:31:49: [0mGET /assets/UniKonstanz_Logo_Optimum_sRGB.png [36m304 [0m0.411 ms - -[0m
