(node:366431) DeprecationWarning: collection.ensureIndex is deprecated. Use createIndexes instead.
BadRequestError: request aborted
    at IncomingMessage.onAborted (/home/wataru/Helge_exp/SelectiveInfoShare_pilotExp/node_modules/raw-body/index.js:231:10)
    at IncomingMessage.emit (events.js:315:20)
    at abortIncoming (_http_server.js:532:9)
    at socketOnClose (_http_server.js:525:3)
    at Socket.emit (events.js:327:22)
    at TCP.<anonymous> (net.js:674:12)
2021-06-09T06:09:20: (node:370433) DeprecationWarning: collection.ensureIndex is deprecated. Use createIndexes instead.
2021-06-12T19:56:06: BadRequestError: request aborted
2021-06-12T19:56:06:     at IncomingMessage.onAborted (/home/wataru/Helge_exp/SelectiveInfoShare_pilotExp/node_modules/raw-body/index.js:231:10)
2021-06-12T19:56:06:     at IncomingMessage.emit (events.js:315:20)
2021-06-12T19:56:06:     at abortIncoming (_http_server.js:532:9)
2021-06-12T19:56:06:     at socketOnClose (_http_server.js:525:3)
2021-06-12T19:56:06:     at Socket.emit (events.js:327:22)
2021-06-12T19:56:06:     at TCP.<anonymous> (net.js:674:12)
2021-06-15T04:53:17: BadRequestError: request aborted
2021-06-15T04:53:17:     at IncomingMessage.onAborted (/home/wataru/Helge_exp/SelectiveInfoShare_pilotExp/node_modules/raw-body/index.js:231:10)
2021-06-15T04:53:17:     at IncomingMessage.emit (events.js:315:20)
2021-06-15T04:53:17:     at abortIncoming (_http_server.js:532:9)
2021-06-15T04:53:17:     at socketOnClose (_http_server.js:525:3)
2021-06-15T04:53:17:     at Socket.emit (events.js:327:22)
2021-06-15T04:53:17:     at TCP.<anonymous> (net.js:674:12)
2021-06-18T00:57:53: BadRequestError: request aborted
2021-06-18T00:57:53:     at IncomingMessage.onAborted (/home/wataru/Helge_exp/SelectiveInfoShare_pilotExp/node_modules/raw-body/index.js:231:10)
2021-06-18T00:57:53:     at IncomingMessage.emit (events.js:315:20)
2021-06-18T00:57:53:     at abortIncoming (_http_server.js:532:9)
2021-06-18T00:57:53:     at socketOnClose (_http_server.js:525:3)
2021-06-18T00:57:53:     at Socket.emit (events.js:327:22)
2021-06-18T00:57:53:     at TCP.<anonymous> (net.js:674:12)
2021-06-18T17:17:54: BadRequestError: request aborted
2021-06-18T17:17:54:     at IncomingMessage.onAborted (/home/wataru/Helge_exp/SelectiveInfoShare_pilotExp/node_modules/raw-body/index.js:231:10)
2021-06-18T17:17:54:     at IncomingMessage.emit (events.js:315:20)
2021-06-18T17:17:54:     at abortIncoming (_http_server.js:532:9)
2021-06-18T17:17:54:     at socketOnClose (_http_server.js:525:3)
2021-06-18T17:17:54:     at Socket.emit (events.js:327:22)
2021-06-18T17:17:54:     at TCP.<anonymous> (net.js:674:12)
2021-06-22T10:18:54: (node:390524) DeprecationWarning: collection.ensureIndex is deprecated. Use createIndexes instead.
2021-06-22T12:09:21: (node:390763) DeprecationWarning: collection.ensureIndex is deprecated. Use createIndexes instead.
2021-06-23T04:34:16: (node:391678) DeprecationWarning: collection.ensureIndex is deprecated. Use createIndexes instead.
2021-06-23T04:53:59: (node:391835) DeprecationWarning: collection.ensureIndex is deprecated. Use createIndexes instead.
2021-06-23T05:02:06: (node:391930) DeprecationWarning: collection.ensureIndex is deprecated. Use createIndexes instead.
2021-06-23T05:09:36: (node:392000) DeprecationWarning: collection.ensureIndex is deprecated. Use createIndexes instead.
2021-06-24T09:34:09: (node:393377) DeprecationWarning: collection.ensureIndex is deprecated. Use createIndexes instead.
