[Error: ENOENT: no such file or directory, open '/home/wataru/Helge_exp/SelectiveInfoShare_pilotExp/summaryData/Test_riskyBandit_202106090953.csv'] {
  errno: -2,
  code: 'ENOENT',
  syscall: 'open',
  path: '/home/wataru/Helge_exp/SelectiveInfoShare_pilotExp/summaryData/Test_riskyBandit_202106090953.csv'
}
[Error: ENOENT: no such file or directory, open '/home/wataru/Helge_exp/SelectiveInfoShare_pilotExp/summaryData/Test_riskyBandit_202106090953.csv'] {
  errno: -2,
  code: 'ENOENT',
  syscall: 'open',
  path: '/home/wataru/Helge_exp/SelectiveInfoShare_pilotExp/summaryData/Test_riskyBandit_202106090953.csv'
}
[Error: ENOENT: no such file or directory, open '/home/wataru/Helge_exp/SelectiveInfoShare_pilotExp/summaryData/Test_riskyBandit_202106090953.csv'] {
  errno: -2,
  code: 'ENOENT',
  syscall: 'open',
  path: '/home/wataru/Helge_exp/SelectiveInfoShare_pilotExp/summaryData/Test_riskyBandit_202106090953.csv'
}
[Error: ENOENT: no such file or directory, open '/home/wataru/Helge_exp/SelectiveInfoShare_pilotExp/summaryData/Test_riskyBandit_202106090953.csv'] {
  errno: -2,
  code: 'ENOENT',
  syscall: 'open',
  path: '/home/wataru/Helge_exp/SelectiveInfoShare_pilotExp/summaryData/Test_riskyBandit_202106090953.csv'
}
[Error: ENOENT: no such file or directory, open '/home/wataru/Helge_exp/SelectiveInfoShare_pilotExp/summaryData/Test_riskyBandit_202106090953.csv'] {
  errno: -2,
  code: 'ENOENT',
  syscall: 'open',
  path: '/home/wataru/Helge_exp/SelectiveInfoShare_pilotExp/summaryData/Test_riskyBandit_202106090953.csv'
}
[Error: ENOENT: no such file or directory, open '/home/wataru/Helge_exp/SelectiveInfoShare_pilotExp/summaryData/Test_riskyBandit_202106090953.csv'] {
  errno: -2,
  code: 'ENOENT',
  syscall: 'open',
  path: '/home/wataru/Helge_exp/SelectiveInfoShare_pilotExp/summaryData/Test_riskyBandit_202106090953.csv'
}
[Error: ENOENT: no such file or directory, open '/home/wataru/Helge_exp/SelectiveInfoShare_pilotExp/summaryData/Test_riskyBandit_202106090953.csv'] {
  errno: -2,
  code: 'ENOENT',
  syscall: 'open',
  path: '/home/wataru/Helge_exp/SelectiveInfoShare_pilotExp/summaryData/Test_riskyBandit_202106090953.csv'
}
[Error: ENOENT: no such file or directory, open '/home/wataru/Helge_exp/SelectiveInfoShare_pilotExp/summaryData/Test_riskyBandit_202106090953.csv'] {
  errno: -2,
  code: 'ENOENT',
  syscall: 'open',
  path: '/home/wataru/Helge_exp/SelectiveInfoShare_pilotExp/summaryData/Test_riskyBandit_202106090953.csv'
}
[Error: ENOENT: no such file or directory, open '/home/wataru/Helge_exp/SelectiveInfoShare_pilotExp/summaryData/Test_riskyBandit_202106090953.csv'] {
  errno: -2,
  code: 'ENOENT',
  syscall: 'open',
  path: '/home/wataru/Helge_exp/SelectiveInfoShare_pilotExp/summaryData/Test_riskyBandit_202106090953.csv'
}
[Error: ENOENT: no such file or directory, open '/home/wataru/Helge_exp/SelectiveInfoShare_pilotExp/summaryData/Test_riskyBandit_202106090953.csv'] {
  errno: -2,
  code: 'ENOENT',
  syscall: 'open',
  path: '/home/wataru/Helge_exp/SelectiveInfoShare_pilotExp/summaryData/Test_riskyBandit_202106090953.csv'
}
[Error: ENOENT: no such file or directory, open '/home/wataru/Helge_exp/SelectiveInfoShare_pilotExp/summaryData/Test_riskyBandit_202106090953.csv'] {
  errno: -2,
  code: 'ENOENT',
  syscall: 'open',
  path: '/home/wataru/Helge_exp/SelectiveInfoShare_pilotExp/summaryData/Test_riskyBandit_202106090953.csv'
}
[Error: ENOENT: no such file or directory, open '/home/wataru/Helge_exp/SelectiveInfoShare_pilotExp/summaryData/Test_riskyBandit_202106090953.csv'] {
  errno: -2,
  code: 'ENOENT',
  syscall: 'open',
  path: '/home/wataru/Helge_exp/SelectiveInfoShare_pilotExp/summaryData/Test_riskyBandit_202106090953.csv'
}
[Error: ENOENT: no such file or directory, open '/home/wataru/Helge_exp/SelectiveInfoShare_pilotExp/summaryData/Test_riskyBandit_202106090953.csv'] {
  errno: -2,
  code: 'ENOENT',
  syscall: 'open',
  path: '/home/wataru/Helge_exp/SelectiveInfoShare_pilotExp/summaryData/Test_riskyBandit_202106090953.csv'
}
[Error: ENOENT: no such file or directory, open '/home/wataru/Helge_exp/SelectiveInfoShare_pilotExp/summaryData/Test_riskyBandit_202106090953.csv'] {
  errno: -2,
  code: 'ENOENT',
  syscall: 'open',
  path: '/home/wataru/Helge_exp/SelectiveInfoShare_pilotExp/summaryData/Test_riskyBandit_202106090953.csv'
}
[Error: ENOENT: no such file or directory, open '/home/wataru/Helge_exp/SelectiveInfoShare_pilotExp/summaryData/Test_riskyBandit_202106090953.csv'] {
  errno: -2,
  code: 'ENOENT',
  syscall: 'open',
  path: '/home/wataru/Helge_exp/SelectiveInfoShare_pilotExp/summaryData/Test_riskyBandit_202106090953.csv'
}
[Error: ENOENT: no such file or directory, open '/home/wataru/Helge_exp/SelectiveInfoShare_pilotExp/summaryData/Test_riskyBandit_202106090953.csv'] {
  errno: -2,
  code: 'ENOENT',
  syscall: 'open',
  path: '/home/wataru/Helge_exp/SelectiveInfoShare_pilotExp/summaryData/Test_riskyBandit_202106090953.csv'
}
2021-06-09T05:59:40: [Error: ENOENT: no such file or directory, open '/home/wataru/Helge_exp/SelectiveInfoShare_pilotExp/summaryData/Test_riskyBandit_202106090959.csv'] {
2021-06-09T05:59:40:   errno: -2,
2021-06-09T05:59:40:   code: 'ENOENT',
2021-06-09T05:59:40:   syscall: 'open',
2021-06-09T05:59:40:   path: '/home/wataru/Helge_exp/SelectiveInfoShare_pilotExp/summaryData/Test_riskyBandit_202106090959.csv'
2021-06-09T05:59:40: }
2021-06-09T05:59:41: [Error: ENOENT: no such file or directory, open '/home/wataru/Helge_exp/SelectiveInfoShare_pilotExp/summaryData/Test_riskyBandit_202106090959.csv'] {
2021-06-09T05:59:41:   errno: -2,
2021-06-09T05:59:41:   code: 'ENOENT',
2021-06-09T05:59:41:   syscall: 'open',
2021-06-09T05:59:41:   path: '/home/wataru/Helge_exp/SelectiveInfoShare_pilotExp/summaryData/Test_riskyBandit_202106090959.csv'
2021-06-09T05:59:41: }
2021-06-09T05:59:41: [Error: ENOENT: no such file or directory, open '/home/wataru/Helge_exp/SelectiveInfoShare_pilotExp/summaryData/Test_riskyBandit_202106090959.csv'] {
2021-06-09T05:59:41:   errno: -2,
2021-06-09T05:59:41:   code: 'ENOENT',
2021-06-09T05:59:41:   syscall: 'open',
2021-06-09T05:59:41:   path: '/home/wataru/Helge_exp/SelectiveInfoShare_pilotExp/summaryData/Test_riskyBandit_202106090959.csv'
2021-06-09T05:59:41: }
2021-06-09T05:59:41: [Error: ENOENT: no such file or directory, open '/home/wataru/Helge_exp/SelectiveInfoShare_pilotExp/summaryData/Test_riskyBandit_202106090959.csv'] {
2021-06-09T05:59:41:   errno: -2,
2021-06-09T05:59:41:   code: 'ENOENT',
2021-06-09T05:59:41:   syscall: 'open',
2021-06-09T05:59:41:   path: '/home/wataru/Helge_exp/SelectiveInfoShare_pilotExp/summaryData/Test_riskyBandit_202106090959.csv'
2021-06-09T05:59:41: }
2021-06-09T05:59:41: [Error: ENOENT: no such file or directory, open '/home/wataru/Helge_exp/SelectiveInfoShare_pilotExp/summaryData/Test_riskyBandit_202106090959.csv'] {
2021-06-09T05:59:41:   errno: -2,
2021-06-09T05:59:41:   code: 'ENOENT',
2021-06-09T05:59:41:   syscall: 'open',
2021-06-09T05:59:41:   path: '/home/wataru/Helge_exp/SelectiveInfoShare_pilotExp/summaryData/Test_riskyBandit_202106090959.csv'
2021-06-09T05:59:41: }
2021-06-09T05:59:42: [Error: ENOENT: no such file or directory, open '/home/wataru/Helge_exp/SelectiveInfoShare_pilotExp/summaryData/Test_riskyBandit_202106090959.csv'] {
2021-06-09T05:59:42:   errno: -2,
2021-06-09T05:59:42:   code: 'ENOENT',
2021-06-09T05:59:42:   syscall: 'open',
2021-06-09T05:59:42:   path: '/home/wataru/Helge_exp/SelectiveInfoShare_pilotExp/summaryData/Test_riskyBandit_202106090959.csv'
2021-06-09T05:59:42: }
2021-06-09T05:59:42: [Error: ENOENT: no such file or directory, open '/home/wataru/Helge_exp/SelectiveInfoShare_pilotExp/summaryData/Test_riskyBandit_202106090959.csv'] {
2021-06-09T05:59:42:   errno: -2,
2021-06-09T05:59:42:   code: 'ENOENT',
2021-06-09T05:59:42:   syscall: 'open',
2021-06-09T05:59:42:   path: '/home/wataru/Helge_exp/SelectiveInfoShare_pilotExp/summaryData/Test_riskyBandit_202106090959.csv'
2021-06-09T05:59:42: }
2021-06-09T05:59:42: [Error: ENOENT: no such file or directory, open '/home/wataru/Helge_exp/SelectiveInfoShare_pilotExp/summaryData/Test_riskyBandit_202106090959.csv'] {
2021-06-09T05:59:42:   errno: -2,
2021-06-09T05:59:42:   code: 'ENOENT',
2021-06-09T05:59:42:   syscall: 'open',
2021-06-09T05:59:42:   path: '/home/wataru/Helge_exp/SelectiveInfoShare_pilotExp/summaryData/Test_riskyBandit_202106090959.csv'
2021-06-09T05:59:42: }
2021-06-09T05:59:42: [Error: ENOENT: no such file or directory, open '/home/wataru/Helge_exp/SelectiveInfoShare_pilotExp/summaryData/Test_riskyBandit_202106090959.csv'] {
2021-06-09T05:59:42:   errno: -2,
2021-06-09T05:59:42:   code: 'ENOENT',
2021-06-09T05:59:42:   syscall: 'open',
2021-06-09T05:59:42:   path: '/home/wataru/Helge_exp/SelectiveInfoShare_pilotExp/summaryData/Test_riskyBandit_202106090959.csv'
2021-06-09T05:59:42: }
2021-06-09T05:59:43: [Error: ENOENT: no such file or directory, open '/home/wataru/Helge_exp/SelectiveInfoShare_pilotExp/summaryData/Test_riskyBandit_202106090959.csv'] {
2021-06-09T05:59:43:   errno: -2,
2021-06-09T05:59:43:   code: 'ENOENT',
2021-06-09T05:59:43:   syscall: 'open',
2021-06-09T05:59:43:   path: '/home/wataru/Helge_exp/SelectiveInfoShare_pilotExp/summaryData/Test_riskyBandit_202106090959.csv'
2021-06-09T05:59:43: }
2021-06-09T05:59:43: [Error: ENOENT: no such file or directory, open '/home/wataru/Helge_exp/SelectiveInfoShare_pilotExp/summaryData/Test_riskyBandit_202106090959.csv'] {
2021-06-09T05:59:43:   errno: -2,
2021-06-09T05:59:43:   code: 'ENOENT',
2021-06-09T05:59:43:   syscall: 'open',
2021-06-09T05:59:43:   path: '/home/wataru/Helge_exp/SelectiveInfoShare_pilotExp/summaryData/Test_riskyBandit_202106090959.csv'
2021-06-09T05:59:43: }
2021-06-09T05:59:43: [Error: ENOENT: no such file or directory, open '/home/wataru/Helge_exp/SelectiveInfoShare_pilotExp/summaryData/Test_riskyBandit_202106090959.csv'] {
2021-06-09T05:59:43:   errno: -2,
2021-06-09T05:59:43:   code: 'ENOENT',
2021-06-09T05:59:43:   syscall: 'open',
2021-06-09T05:59:43:   path: '/home/wataru/Helge_exp/SelectiveInfoShare_pilotExp/summaryData/Test_riskyBandit_202106090959.csv'
2021-06-09T05:59:43: }
2021-06-09T05:59:43: [Error: ENOENT: no such file or directory, open '/home/wataru/Helge_exp/SelectiveInfoShare_pilotExp/summaryData/Test_riskyBandit_202106090959.csv'] {
2021-06-09T05:59:43:   errno: -2,
2021-06-09T05:59:43:   code: 'ENOENT',
2021-06-09T05:59:43:   syscall: 'open',
2021-06-09T05:59:43:   path: '/home/wataru/Helge_exp/SelectiveInfoShare_pilotExp/summaryData/Test_riskyBandit_202106090959.csv'
2021-06-09T05:59:43: }
2021-06-09T05:59:44: [Error: ENOENT: no such file or directory, open '/home/wataru/Helge_exp/SelectiveInfoShare_pilotExp/summaryData/Test_riskyBandit_202106090959.csv'] {
2021-06-09T05:59:44:   errno: -2,
2021-06-09T05:59:44:   code: 'ENOENT',
2021-06-09T05:59:44:   syscall: 'open',
2021-06-09T05:59:44:   path: '/home/wataru/Helge_exp/SelectiveInfoShare_pilotExp/summaryData/Test_riskyBandit_202106090959.csv'
2021-06-09T05:59:44: }
2021-06-09T05:59:44: [Error: ENOENT: no such file or directory, open '/home/wataru/Helge_exp/SelectiveInfoShare_pilotExp/summaryData/Test_riskyBandit_202106090959.csv'] {
2021-06-09T05:59:44:   errno: -2,
2021-06-09T05:59:44:   code: 'ENOENT',
2021-06-09T05:59:44:   syscall: 'open',
2021-06-09T05:59:44:   path: '/home/wataru/Helge_exp/SelectiveInfoShare_pilotExp/summaryData/Test_riskyBandit_202106090959.csv'
2021-06-09T05:59:44: }
2021-06-09T05:59:44: [Error: ENOENT: no such file or directory, open '/home/wataru/Helge_exp/SelectiveInfoShare_pilotExp/summaryData/Test_riskyBandit_202106090959.csv'] {
2021-06-09T05:59:44:   errno: -2,
2021-06-09T05:59:44:   code: 'ENOENT',
2021-06-09T05:59:44:   syscall: 'open',
2021-06-09T05:59:44:   path: '/home/wataru/Helge_exp/SelectiveInfoShare_pilotExp/summaryData/Test_riskyBandit_202106090959.csv'
2021-06-09T05:59:44: }
